{"target": -388.88389775682367, "params": {"T": 1684.749938351717, "batch_size": 58.23347644061226, "g_scale": 0.027645596286308957, "order": 1.2158805638963672}, "datetime": {"datetime": "2023-04-23 10:45:25", "elapsed": 5117.939962, "delta": 31.402832}}
{"target": -402.3405103132384, "params": {"T": 1700.3625473685547, "batch_size": 42.747546364248066, "g_scale": 0.025687397810844035, "order": 1.4338872065502808}, "datetime": {"datetime": "2023-04-23 10:45:56", "elapsed": 5148.857739, "delta": 30.917777}}
{"target": -461.9319910381585, "params": {"T": 1474.7773514351343, "batch_size": 10.202214679151613, "g_scale": 0.021708193325956134, "order": 1.848268033019866}, "datetime": {"datetime": "2023-04-23 10:46:47", "elapsed": 5199.812847, "delta": 50.955108}}
{"target": -405.5345937206148, "params": {"T": 1910.9945582434104, "batch_size": 64.0, "g_scale": 0.02, "order": 1.0}, "datetime": {"datetime": "2023-04-23 10:47:22", "elapsed": 5234.87472, "delta": 35.061873}}
{"target": -367.98406764056375, "params": {"T": 2026.6496591206133, "batch_size": 63.532262993309395, "g_scale": 0.03156613889945648, "order": 1.9141815428923157}, "datetime": {"datetime": "2023-04-23 10:48:32", "elapsed": 5305.066743, "delta": 70.192023}}
{"target": -370.35014854386213, "params": {"T": 2014.3785887672047, "batch_size": 56.78792678078139, "g_scale": 0.03171989999922241, "order": 1.2170963966218702}, "datetime": {"datetime": "2023-04-23 10:49:10", "elapsed": 5342.798235, "delta": 37.731492}}
{"target": -380.5614923361463, "params": {"T": 2027.8199155000461, "batch_size": 50.6907061190119, "g_scale": 0.03002108151365908, "order": 1.2799537969303991}, "datetime": {"datetime": "2023-04-23 10:49:47", "elapsed": 5380.276136, "delta": 37.477901}}
{"target": -381.7231810646982, "params": {"T": 1999.7069428097896, "batch_size": 63.517359135372644, "g_scale": 0.024979805952701786, "order": 1.1042734621419859}, "datetime": {"datetime": "2023-04-23 10:50:25", "elapsed": 5418.625653, "delta": 38.349517}}
{"target": -382.9070265488898, "params": {"T": 2040.8928698464595, "batch_size": 63.61336290100369, "g_scale": 0.023826948937018363, "order": 1.6708857010656515}, "datetime": {"datetime": "2023-04-23 10:51:36", "elapsed": 5489.526283, "delta": 70.90063}}
{"target": -398.2641502428801, "params": {"T": 2007.7453268863721, "batch_size": 42.62926871084831, "g_scale": 0.024514127404735832, "order": 1.0576301902514769}, "datetime": {"datetime": "2023-04-23 10:52:13", "elapsed": 5526.020688, "delta": 36.494405}}
{"target": -387.79426232413766, "params": {"T": 1972.2789480137071, "batch_size": 61.37093972796837, "g_scale": 0.023647988941232562, "order": 1.1124158918302984}, "datetime": {"datetime": "2023-04-23 10:52:50", "elapsed": 5562.845077, "delta": 36.824389}}
{"target": -400.33255852594436, "params": {"T": 2051.7233471967575, "batch_size": 34.8038531333961, "g_scale": 0.025602818455154983, "order": 1.9531105076833546}, "datetime": {"datetime": "2023-04-23 10:53:59", "elapsed": 5631.888617, "delta": 69.04354}}
{"target": -367.7881623374887, "params": {"T": 2302.5356860431802, "batch_size": 64.0, "g_scale": 0.03171798979182603, "order": 1.6637767113894886}, "datetime": {"datetime": "2023-04-23 10:55:20", "elapsed": 5713.077342, "delta": 81.188725}}
{"target": -381.28954621340006, "params": {"T": 2315.2090132390513, "batch_size": 58.30911745561813, "g_scale": 0.026362896794839184, "order": 1.0419305907603875}, "datetime": {"datetime": "2023-04-23 10:56:04", "elapsed": 5757.506822, "delta": 44.42948}}
{"target": -388.76711589142917, "params": {"T": 2295.0071535251845, "batch_size": 52.183970194409646, "g_scale": 0.022668539711853435, "order": 1.8220278218895738}, "datetime": {"datetime": "2023-04-23 10:57:23", "elapsed": 5836.300354, "delta": 78.793532}}
{"target": -368.3300952442866, "params": {"T": 2269.8197293070593, "batch_size": 63.89045719273321, "g_scale": 0.029878370925023726, "order": 1.2297352641906873}, "datetime": {"datetime": "2023-04-23 10:58:05", "elapsed": 5877.85198, "delta": 41.551626}}
{"target": -383.1890426875344, "params": {"T": 2255.387922193454, "batch_size": 63.71452227059996, "g_scale": 0.023506131348074888, "order": 1.2108754993160469}, "datetime": {"datetime": "2023-04-23 10:58:47", "elapsed": 5919.748079, "delta": 41.896099}}
{"target": -395.6001110658978, "params": {"T": 2270.645953944412, "batch_size": 48.4156965399413, "g_scale": 0.020040332370000965, "order": 1.4476459034052835}, "datetime": {"datetime": "2023-04-23 10:59:27", "elapsed": 5960.629305, "delta": 40.881226}}
{"target": -377.9226380260926, "params": {"T": 2287.589317928414, "batch_size": 62.21293033223515, "g_scale": 0.025244934112518855, "order": 1.4431065578254891}, "datetime": {"datetime": "2023-04-23 11:00:10", "elapsed": 6002.762368, "delta": 42.133063}}
{"target": -394.1290022099947, "params": {"T": 2327.338680762344, "batch_size": 33.464962347654335, "g_scale": 0.032, "order": 2.0}, "datetime": {"datetime": "2023-04-23 11:01:31", "elapsed": 6083.990441, "delta": 81.228073}}
{"target": -384.8325638533194, "params": {"T": 2219.3714881425667, "batch_size": 62.08592445472966, "g_scale": 0.021602070335785442, "order": 1.6841513717940102}, "datetime": {"datetime": "2023-04-23 11:02:50", "elapsed": 6163.363106, "delta": 79.372665}}
{"target": -383.2659601147254, "params": {"T": 2201.981962631892, "batch_size": 44.87047061254271, "g_scale": 0.028877066769985964, "order": 1.5619565102143378}, "datetime": {"datetime": "2023-04-23 11:04:05", "elapsed": 6238.593848, "delta": 75.230742}}
{"target": -411.2391472114117, "params": {"T": 2194.5733932921175, "batch_size": 24.135866171102847, "g_scale": 0.025945446982200353, "order": 1.5213137135647616}, "datetime": {"datetime": "2023-04-23 11:05:20", "elapsed": 6313.067757, "delta": 74.473909}}
{"target": -373.6219913884745, "params": {"T": 2190.7981708463894, "batch_size": 62.71660546742186, "g_scale": 0.027669174353210226, "order": 1.611356552973216}, "datetime": {"datetime": "2023-04-23 11:06:36", "elapsed": 6389.258699, "delta": 76.190942}}
{"target": -404.5260060621216, "params": {"T": 2182.0200503855885, "batch_size": 50.0023276214521, "g_scale": 0.02007167881750936, "order": 1.5404575256115476}, "datetime": {"datetime": "2023-04-23 11:07:52", "elapsed": 6465.092746, "delta": 75.834047}}
{"target": -376.50196790440987, "params": {"T": 2202.053325555779, "batch_size": 63.473363186897664, "g_scale": 0.024152050347556145, "order": 1.5096579981410274}, "datetime": {"datetime": "2023-04-23 11:09:08", "elapsed": 6541.176102, "delta": 76.083356}}
{"target": -387.72435272517043, "params": {"T": 2224.7301788040804, "batch_size": 42.03070096796163, "g_scale": 0.023235455224505954, "order": 1.4572608644937173}, "datetime": {"datetime": "2023-04-23 11:09:49", "elapsed": 6581.766464, "delta": 40.590362}}
{"target": -461.5647761428446, "params": {"T": 1167.3632505366977, "batch_size": 8.51726703257901, "g_scale": 0.020485733207637052, "order": 1.1145292861739202}, "datetime": {"datetime": "2023-04-23 11:10:10", "elapsed": 6603.314379, "delta": 21.547915}}
{"target": -454.8531118021468, "params": {"T": 1569.8694341968635, "batch_size": 8.020761030182666, "g_scale": 0.02922266302255305, "order": 1.1109096043077467}, "datetime": {"datetime": "2023-04-23 11:10:39", "elapsed": 6632.298126, "delta": 28.983747}}
{"target": -445.6534210801968, "params": {"T": 2557.177958430534, "batch_size": 9.378813151180665, "g_scale": 0.022674606218534288, "order": 1.1950323557424731}, "datetime": {"datetime": "2023-04-23 11:11:25", "elapsed": 6677.984725, "delta": 45.686599}}
{"target": -372.49870515040965, "params": {"T": 2439.272866366495, "batch_size": 62.61529038192963, "g_scale": 0.02488004558577709, "order": 1.504438821117065}, "datetime": {"datetime": "2023-04-23 11:12:50", "elapsed": 6763.672528, "delta": 85.687803}}
{"target": -401.27012704019717, "params": {"T": 2428.171310799411, "batch_size": 50.304833135984126, "g_scale": 0.020767072632310306, "order": 1.6821932416237644}, "datetime": {"datetime": "2023-04-23 11:14:15", "elapsed": 6847.732794, "delta": 84.060266}}
{"target": -387.49402029627777, "params": {"T": 2453.5606548154296, "batch_size": 63.68345696328633, "g_scale": 0.020457041639666853, "order": 1.9135548951436}, "datetime": {"datetime": "2023-04-23 11:15:40", "elapsed": 6932.762139, "delta": 85.029345}}
{"target": -438.4568162152983, "params": {"T": 1883.0790173160688, "batch_size": 8.198783010169702, "g_scale": 0.025530688155640004, "order": 1.4692639783856745}, "datetime": {"datetime": "2023-04-23 11:16:14", "elapsed": 6966.685762, "delta": 33.923623}}
{"target": -366.37090732060824, "params": {"T": 2516.8282093486914, "batch_size": 63.91177393338264, "g_scale": 0.029802807118618584, "order": 1.465908804533108}, "datetime": {"datetime": "2023-04-23 11:17:00", "elapsed": 7013.172897, "delta": 46.487135}}
{"target": -377.21156419024396, "params": {"T": 2502.3151733337627, "batch_size": 60.11377822273715, "g_scale": 0.0237434860132087, "order": 1.7174689274896089}, "datetime": {"datetime": "2023-04-23 11:18:25", "elapsed": 7098.557919, "delta": 85.385022}}
{"target": -386.9714661055681, "params": {"T": 2518.731844569992, "batch_size": 49.68272617767461, "g_scale": 0.0229021753204228, "order": 1.351369188202205}, "datetime": {"datetime": "2023-04-23 11:19:12", "elapsed": 7144.849009, "delta": 46.29109}}
{"target": -366.52904349400904, "params": {"T": 2535.988111498992, "batch_size": 62.73371435934805, "g_scale": 0.02820463796307419, "order": 1.3009854446932523}, "datetime": {"datetime": "2023-04-23 11:19:59", "elapsed": 7191.857406, "delta": 47.008397}}
{"target": -369.24011202213046, "params": {"T": 2549.9965868379286, "batch_size": 58.204923835862445, "g_scale": 0.030603436180682855, "order": 1.1736900765545524}, "datetime": {"datetime": "2023-04-23 11:20:45", "elapsed": 7238.491624, "delta": 46.634218}}
{"target": -389.842877680416, "params": {"T": 2542.054762888195, "batch_size": 44.64723491431154, "g_scale": 0.023767483586559595, "order": 1.6861427292181934}, "datetime": {"datetime": "2023-04-23 11:22:12", "elapsed": 7324.863952, "delta": 86.372328}}
{"target": -373.88981252325385, "params": {"T": 2564.849913041716, "batch_size": 57.17391714116491, "g_scale": 0.025155646739609724, "order": 1.6355714480770587}, "datetime": {"datetime": "2023-04-23 11:23:39", "elapsed": 7412.483353, "delta": 87.619401}}
{"target": -390.9484347545668, "params": {"T": 2480.4116690406636, "batch_size": 60.28577338306353, "g_scale": 0.020725183758810717, "order": 1.1732599368967493}, "datetime": {"datetime": "2023-04-23 11:24:25", "elapsed": 7458.648828, "delta": 46.165475}}
{"target": -412.16639080889183, "params": {"T": 1042.8390445028922, "batch_size": 63.266145859458184, "g_scale": 0.025572575783872044, "order": 1.3891596112038944}, "datetime": {"datetime": "2023-04-23 11:24:46", "elapsed": 7479.279323, "delta": 20.630495}}
{"target": -445.8256052551096, "params": {"T": 1373.1467377395304, "batch_size": 8.0, "g_scale": 0.032, "order": 1.0}, "datetime": {"datetime": "2023-04-23 11:25:12", "elapsed": 7504.786285, "delta": 25.506962}}
{"target": -431.14211614299006, "params": {"T": 1255.812303644063, "batch_size": 63.82554762617538, "g_scale": 0.020571711877379422, "order": 1.3676864447039958}, "datetime": {"datetime": "2023-04-23 11:25:36", "elapsed": 7528.934747, "delta": 24.148462}}
{"target": -382.8823133604261, "params": {"T": 1601.6748119991473, "batch_size": 63.993708898391745, "g_scale": 0.028067290214757387, "order": 1.5205104629637973}, "datetime": {"datetime": "2023-04-23 11:26:34", "elapsed": 7586.769732, "delta": 57.834985}}
{"target": -370.7504566455458, "params": {"T": 1624.7321980030601, "batch_size": 62.55160872689563, "g_scale": 0.031413757575756616, "order": 1.5309184570353764}, "datetime": {"datetime": "2023-04-23 11:27:31", "elapsed": 7643.720832, "delta": 56.9511}}
{"target": -391.5560836059105, "params": {"T": 1617.6971518292753, "batch_size": 48.68609358960404, "g_scale": 0.02610543805117129, "order": 1.6770860859744163}, "datetime": {"datetime": "2023-04-23 11:28:26", "elapsed": 7699.429609, "delta": 55.708777}}
{"target": -395.06817323161613, "params": {"T": 1642.8894426518077, "batch_size": 60.61282947606073, "g_scale": 0.02316463622801042, "order": 1.9944759281604778}, "datetime": {"datetime": "2023-04-23 11:29:23", "elapsed": 7756.228661, "delta": 56.799052}}
{"target": -411.39676338309687, "params": {"T": 1577.3533307851496, "batch_size": 64.0, "g_scale": 0.02115136909209512, "order": 2.0}, "datetime": {"datetime": "2023-04-23 11:30:18", "elapsed": 7810.863086, "delta": 54.634425}}
{"target": -462.262615148153, "params": {"T": 1068.3502333192262, "batch_size": 8.0, "g_scale": 0.02801250314047435, "order": 1.0}, "datetime": {"datetime": "2023-04-23 11:30:38", "elapsed": 7831.410386, "delta": 20.5473}}
{"target": -448.9026475645789, "params": {"T": 2392.4332933400997, "batch_size": 8.0, "g_scale": 0.02, "order": 1.0}, "datetime": {"datetime": "2023-04-23 11:31:21", "elapsed": 7874.51787, "delta": 43.107484}}
{"target": -367.6984014924958, "params": {"T": 2974.9235945445034, "batch_size": 63.870609624597876, "g_scale": 0.028823916860031752, "order": 1.2728721457584655}, "datetime": {"datetime": "2023-04-23 11:32:18", "elapsed": 7931.523035, "delta": 57.005165}}
{"target": -365.47359518176523, "params": {"T": 2989.3245418238275, "batch_size": 57.47713412558347, "g_scale": 0.028633408583818083, "order": 1.9866947267979778}, "datetime": {"datetime": "2023-04-23 11:34:01", "elapsed": 8034.210514, "delta": 102.687479}}
{"target": -389.3540459063036, "params": {"T": 2977.467109194262, "batch_size": 47.226992780486405, "g_scale": 0.0248011848141278, "order": 1.30738141142796}, "datetime": {"datetime": "2023-04-23 11:34:55", "elapsed": 8088.223585, "delta": 54.013071}}
{"target": -364.4948061699517, "params": {"T": 2999.955362657014, "batch_size": 58.21817610172599, "g_scale": 0.029907299983964082, "order": 1.03718600371122}, "datetime": {"datetime": "2023-04-23 11:35:48", "elapsed": 8141.676517, "delta": 53.452932}}
{"target": -379.90136147117295, "params": {"T": 2999.7869586577913, "batch_size": 43.244030076475255, "g_scale": 0.030228579034993704, "order": 1.3394112845008677}, "datetime": {"datetime": "2023-04-23 11:36:45", "elapsed": 8197.685748, "delta": 56.009231}}
{"target": -368.74242117818983, "params": {"T": 2956.568535038249, "batch_size": 61.7858491741184, "g_scale": 0.03125109732102944, "order": 1.4620571222770111}, "datetime": {"datetime": "2023-04-23 11:37:39", "elapsed": 8252.15876, "delta": 54.473012}}
{"target": -381.12030613788335, "params": {"T": 2952.2450257027576, "batch_size": 45.69511180749377, "g_scale": 0.027107338672975663, "order": 1.2259249734116975}, "datetime": {"datetime": "2023-04-23 11:38:35", "elapsed": 8307.887573, "delta": 55.728813}}
{"target": -463.27788746315645, "params": {"T": 1230.2752315237794, "batch_size": 8.0, "g_scale": 0.02, "order": 2.0}, "datetime": {"datetime": "2023-04-23 11:39:18", "elapsed": 8351.025379, "delta": 43.137806}}
{"target": -450.17915982515, "params": {"T": 2676.307509534612, "batch_size": 8.0, "g_scale": 0.032, "order": 2.0}, "datetime": {"datetime": "2023-04-23 11:40:49", "elapsed": 8441.959742, "delta": 90.934363}}
{"target": -461.7665185262903, "params": {"T": 1757.7393597587607, "batch_size": 8.495110448487713, "g_scale": 0.020761303390217957, "order": 1.6666657047551605}, "datetime": {"datetime": "2023-04-23 11:41:48", "elapsed": 8500.840757, "delta": 58.881015}}
{"target": -372.8472291137266, "params": {"T": 1470.7644304072567, "batch_size": 64.0, "g_scale": 0.032, "order": 1.0}, "datetime": {"datetime": "2023-04-23 11:42:16", "elapsed": 8529.459839, "delta": 28.619082}}
{"target": -379.40687669205454, "params": {"T": 1489.8860697560988, "batch_size": 63.48006451507544, "g_scale": 0.028968701555599392, "order": 1.202657701095073}, "datetime": {"datetime": "2023-04-23 11:42:45", "elapsed": 8558.517894, "delta": 29.058055}}
{"target": -399.40624966739847, "params": {"T": 1452.107529466518, "batch_size": 63.506000120670315, "g_scale": 0.024297085103078295, "order": 1.702355603154644}, "datetime": {"datetime": "2023-04-23 11:43:36", "elapsed": 8609.134694, "delta": 50.6168}}
{"target": -378.6482873078185, "params": {"T": 1479.3190459324696, "batch_size": 47.378601096323244, "g_scale": 0.03188548714728279, "order": 1.9824689566794924}, "datetime": {"datetime": "2023-04-23 11:44:27", "elapsed": 8660.147651, "delta": 51.012957}}
{"target": -400.32155826014264, "params": {"T": 1503.1042969230994, "batch_size": 42.37716949757072, "g_scale": 0.02693913391203767, "order": 1.9682578208452974}, "datetime": {"datetime": "2023-04-23 11:45:20", "elapsed": 8712.844351, "delta": 52.6967}}
{"target": -436.7936801807998, "params": {"T": 2855.935280910291, "batch_size": 10.260913417652457, "g_scale": 0.02347509892926343, "order": 1.830486700648364}, "datetime": {"datetime": "2023-04-23 11:46:56", "elapsed": 8809.453025, "delta": 96.608674}}
{"target": -451.69836334787897, "params": {"T": 2136.513869401022, "batch_size": 8.038441553251035, "g_scale": 0.02895848097170408, "order": 1.6497741744620322}, "datetime": {"datetime": "2023-04-23 11:48:09", "elapsed": 8882.111366, "delta": 72.658341}}
{"target": -422.85776763174164, "params": {"T": 1151.9852022608097, "batch_size": 62.26508524939855, "g_scale": 0.022442405602426673, "order": 1.1201088027280428}, "datetime": {"datetime": "2023-04-23 11:48:31", "elapsed": 8904.218294, "delta": 22.106928}}
{"target": -447.2087477503807, "params": {"T": 2309.573995236494, "batch_size": 8.681366279703079, "g_scale": 0.022683439954034927, "order": 1.7228399499068265}, "datetime": {"datetime": "2023-04-23 11:49:50", "elapsed": 8982.698026, "delta": 78.479732}}
{"target": -377.9721219255563, "params": {"T": 2340.366108671124, "batch_size": 63.14431601239802, "g_scale": 0.023167127436285854, "order": 1.4885990269769882}, "datetime": {"datetime": "2023-04-23 11:50:31", "elapsed": 9024.589762, "delta": 41.891736}}
{"target": -377.6250833090675, "params": {"T": 1946.6831995203484, "batch_size": 60.95855507075357, "g_scale": 0.026956262833819144, "order": 1.0056499893153577}, "datetime": {"datetime": "2023-04-23 11:51:07", "elapsed": 9060.392326, "delta": 35.802564}}
{"target": -388.55637003999186, "params": {"T": 1941.7042685721165, "batch_size": 41.15418236582558, "g_scale": 0.024973387264728593, "order": 1.5552244331311167}, "datetime": {"datetime": "2023-04-23 11:52:11", "elapsed": 9124.485952, "delta": 64.093626}}
{"target": -369.95196299958735, "params": {"T": 2868.580805527483, "batch_size": 63.77839767594134, "g_scale": 0.026293061479684635, "order": 1.809975756803973}, "datetime": {"datetime": "2023-04-23 11:53:46", "elapsed": 9218.956728, "delta": 94.470776}}
{"target": -391.1732069927638, "params": {"T": 2850.491271088234, "batch_size": 60.13140954145321, "g_scale": 0.020426781653056853, "order": 1.8798153811038332}, "datetime": {"datetime": "2023-04-23 11:55:24", "elapsed": 9317.033543, "delta": 98.076815}}
{"target": -376.08172490434674, "params": {"T": 2874.9229715463616, "batch_size": 48.90668444419427, "g_scale": 0.028643592301565143, "order": 1.3206515189700314}, "datetime": {"datetime": "2023-04-23 11:56:17", "elapsed": 9370.495963, "delta": 53.46242}}
{"target": -363.121396533198, "params": {"T": 2884.753404647201, "batch_size": 64.0, "g_scale": 0.032, "order": 2.0}, "datetime": {"datetime": "2023-04-23 11:57:54", "elapsed": 9467.093044, "delta": 96.597081}}
{"target": -443.76661075375387, "params": {"T": 2027.8103804169177, "batch_size": 8.0, "g_scale": 0.032, "order": 2.0}, "datetime": {"datetime": "2023-04-23 11:59:00", "elapsed": 9533.301342, "delta": 66.208298}}
{"target": -438.2321461408493, "params": {"T": 1821.986618569846, "batch_size": 8.0, "g_scale": 0.032, "order": 2.0}, "datetime": {"datetime": "2023-04-23 11:59:59", "elapsed": 9592.517423, "delta": 59.216081}}
{"target": -395.43652217302395, "params": {"T": 1000.0, "batch_size": 64.0, "g_scale": 0.032, "order": 2.0}, "datetime": {"datetime": "2023-04-23 12:00:36", "elapsed": 9628.907128, "delta": 36.389705}}
{"target": -376.57903043740964, "params": {"T": 1765.468028402381, "batch_size": 64.0, "g_scale": 0.032, "order": 1.0}, "datetime": {"datetime": "2023-04-23 12:01:09", "elapsed": 9661.868302, "delta": 32.961174}}
{"target": -387.30629017277386, "params": {"T": 1784.927342958037, "batch_size": 64.0, "g_scale": 0.024640138572268218, "order": 1.0}, "datetime": {"datetime": "2023-04-23 12:01:42", "elapsed": 9695.658199, "delta": 33.789897}}
{"target": -431.7071925181995, "params": {"T": 2953.370041417264, "batch_size": 9.365314245186383, "g_scale": 0.027378329907474463, "order": 1.2977973140850332}, "datetime": {"datetime": "2023-04-23 12:02:36", "elapsed": 9749.195307, "delta": 53.537108}}
{"target": -434.72409851039333, "params": {"T": 2611.6204321502005, "batch_size": 8.0, "g_scale": 0.032, "order": 1.0}, "datetime": {"datetime": "2023-04-23 12:03:22", "elapsed": 9795.27712, "delta": 46.081813}}
{"target": -462.702418514744, "params": {"T": 1422.8793786655842, "batch_size": 8.927027890930486, "g_scale": 0.023570025106029097, "order": 1.5521872210367014}, "datetime": {"datetime": "2023-04-23 12:04:09", "elapsed": 9842.487497, "delta": 47.210377}}
{"target": -371.9764284094176, "params": {"T": 2672.3104210639412, "batch_size": 63.75353794192523, "g_scale": 0.02606963001674355, "order": 1.0557336277356586}, "datetime": {"datetime": "2023-04-23 12:04:58", "elapsed": 9890.744755, "delta": 48.257258}}
{"target": -381.9437053731688, "params": {"T": 2680.869426312805, "batch_size": 47.294828226328114, "g_scale": 0.022155696095860898, "order": 1.050981771216973}, "datetime": {"datetime": "2023-04-23 12:05:43", "elapsed": 9936.52635, "delta": 45.781595}}
