{"target": -367.751405244757, "params": {"T": 2689.590963564601, "batch_size": 63.75409596157801, "g_scale": 0.031594459548140094, "order": 1.68241723386544}, "datetime": {"datetime": "2023-04-23 12:07:16", "elapsed": 10028.871419, "delta": 92.345069}}
{"target": -379.3737611336435, "params": {"T": 1874.6453785505998, "batch_size": 63.70393778235507, "g_scale": 0.026208500110379503, "order": 1.9779415812605166}, "datetime": {"datetime": "2023-04-23 12:08:20", "elapsed": 10092.798208, "delta": 63.926789}}
{"target": -453.9163409998234, "params": {"T": 1699.6306361964046, "batch_size": 8.0, "g_scale": 0.032, "order": 1.0}, "datetime": {"datetime": "2023-04-23 12:08:50", "elapsed": 10123.54933, "delta": 30.751122}}
{"target": -381.6957734864152, "params": {"T": 2347.8204795794236, "batch_size": 43.23146032074669, "g_scale": 0.032, "order": 2.0}, "datetime": {"datetime": "2023-04-23 12:10:08", "elapsed": 10201.638669, "delta": 78.089339}}
{"target": -395.52516898938734, "params": {"T": 2067.418423074628, "batch_size": 64.0, "g_scale": 0.02, "order": 1.0}, "datetime": {"datetime": "2023-04-23 12:10:46", "elapsed": 10239.469313, "delta": 37.830644}}
{"target": -419.146344312322, "params": {"T": 1868.5514937363778, "batch_size": 44.1450379872567, "g_scale": 0.020001100160137068, "order": 1.2552844460874404}, "datetime": {"datetime": "2023-04-23 12:11:19", "elapsed": 10272.03588, "delta": 32.566567}}
{"target": -375.7152153771605, "params": {"T": 1745.8400237688156, "batch_size": 63.877226986779654, "g_scale": 0.027727608304223512, "order": 1.9038137271572761}, "datetime": {"datetime": "2023-04-23 12:12:18", "elapsed": 10331.265109, "delta": 59.229229}}
{"target": -400.2846347706809, "params": {"T": 1757.1192636370301, "batch_size": 48.964545515373395, "g_scale": 0.026681189260397652, "order": 1.2939936745782599}, "datetime": {"datetime": "2023-04-23 12:12:51", "elapsed": 10364.436926, "delta": 33.171817}}
{"target": -440.35319515876904, "params": {"T": 2078.559160593216, "batch_size": 9.767959781932259, "g_scale": 0.03193345643024607, "order": 1.137654595790576}, "datetime": {"datetime": "2023-04-23 12:13:28", "elapsed": 10400.804959, "delta": 36.368033}}
{"target": -384.9202614954082, "params": {"T": 1300.8791808857231, "batch_size": 64.0, "g_scale": 0.032, "order": 1.0}, "datetime": {"datetime": "2023-04-23 12:13:53", "elapsed": 10426.595603, "delta": 25.790644}}
{"target": -450.561236378879, "params": {"T": 1522.7985767242408, "batch_size": 9.04542261773001, "g_scale": 0.027942285400766063, "order": 1.6528191023336607}, "datetime": {"datetime": "2023-04-23 12:14:45", "elapsed": 10478.156472, "delta": 51.560869}}
{"target": -463.76263667017093, "params": {"T": 1120.2528242648298, "batch_size": 8.924101418036027, "g_scale": 0.024360188877133798, "order": 1.4457061776660187}, "datetime": {"datetime": "2023-04-23 12:15:05", "elapsed": 10498.5758, "delta": 20.419328}}
{"target": -448.01852326369686, "params": {"T": 1925.9405044123278, "batch_size": 8.0, "g_scale": 0.032, "order": 2.0}, "datetime": {"datetime": "2023-04-23 12:16:09", "elapsed": 10562.096023, "delta": 63.520223}}
{"target": -404.55474931109944, "params": {"T": 2350.7266183679662, "batch_size": 19.051917420419223, "g_scale": 0.029679774043671947, "order": 1.731479125351747}, "datetime": {"datetime": "2023-04-23 12:17:26", "elapsed": 10639.306671, "delta": 77.210648}}
{"target": -449.79902270650683, "params": {"T": 2437.269651809803, "batch_size": 8.642128686681357, "g_scale": 0.024999921795709375, "order": 1.1989322667156928}, "datetime": {"datetime": "2023-04-23 12:18:09", "elapsed": 10682.177689, "delta": 42.871018}}
{"target": -433.0854773803598, "params": {"T": 2770.77842450957, "batch_size": 8.0, "g_scale": 0.032, "order": 1.0}, "datetime": {"datetime": "2023-04-23 12:18:59", "elapsed": 10732.430669, "delta": 50.25298}}
