{"target": -417.2115511584342, "params": {"T": 1834.044009405148, "batch_size": 48.338171632760854, "g_scale": 0.02000137249780814, "order": 1.3023325726318398}, "datetime": {"datetime": "2023-04-23 09:20:07", "elapsed": 0.0, "delta": 0.0}}
{"target": -449.1571530963105, "params": {"T": 1293.511781634226, "batch_size": 13.170961307052677, "g_scale": 0.02223512253653205, "order": 1.3455607270430479}, "datetime": {"datetime": "2023-04-23 09:20:30", "elapsed": 23.319875, "delta": 23.319875}}
{"target": -405.3694547678273, "params": {"T": 1793.5349484613398, "batch_size": 38.17373710418799, "g_scale": 0.02503033417283954, "order": 1.6852195003967596}, "datetime": {"datetime": "2023-04-23 09:21:44", "elapsed": 96.791734, "delta": 73.471859}}
{"target": -422.3592223859942, "params": {"T": 1408.9044994630349, "batch_size": 57.174576437892945, "g_scale": 0.020328651118375115, "order": 1.6704675101784021}, "datetime": {"datetime": "2023-04-23 09:22:32", "elapsed": 145.581612, "delta": 48.789878}}
{"target": -408.7699707133993, "params": {"T": 1834.609604734254, "batch_size": 39.286630392962095, "g_scale": 0.021684643263142806, "order": 1.1981014890848787}, "datetime": {"datetime": "2023-04-23 09:23:06", "elapsed": 178.706282, "delta": 33.12467}}
{"target": -379.0449789420038, "params": {"T": 2601.4891373510736, "batch_size": 62.22264824028626, "g_scale": 0.023761090137910914, "order": 1.692322615669314}, "datetime": {"datetime": "2023-04-23 09:24:35", "elapsed": 268.301047, "delta": 89.594765}}
{"target": -383.4313895759468, "params": {"T": 2752.778304592077, "batch_size": 58.09797315621545, "g_scale": 0.021020530536437335, "order": 1.0390547832328823}, "datetime": {"datetime": "2023-04-23 09:25:25", "elapsed": 318.592993, "delta": 50.291946}}
{"target": -414.0689374675203, "params": {"T": 1339.660839129138, "batch_size": 57.175980192047135, "g_scale": 0.0211801620059966, "order": 1.4211076250050523}, "datetime": {"datetime": "2023-04-23 09:25:51", "elapsed": 344.459563, "delta": 25.86657}}
{"target": -382.75737529711705, "params": {"T": 2915.779060301004, "batch_size": 37.857255958488956, "g_scale": 0.02830252536740568, "order": 1.315515631006063}, "datetime": {"datetime": "2023-04-23 09:26:43", "elapsed": 396.502982, "delta": 52.043419}}
{"target": -404.86511365283695, "params": {"T": 2373.001855363167, "batch_size": 54.73903762625288, "g_scale": 0.020219459328130303, "order": 1.7501443149449676}, "datetime": {"datetime": "2023-04-23 09:28:05", "elapsed": 477.742691, "delta": 81.239709}}
{"target": -391.5729456647957, "params": {"T": 2915.4677762795955, "batch_size": 36.68280869624727, "g_scale": 0.024702391782378392, "order": 1.075049159093553}, "datetime": {"datetime": "2023-04-23 09:28:57", "elapsed": 530.13213, "delta": 52.389439}}
{"target": -390.8711722242415, "params": {"T": 2912.969189198326, "batch_size": 41.07950427182947, "g_scale": 0.022489549198365582, "order": 1.3539979022378321}, "datetime": {"datetime": "2023-04-23 09:29:48", "elapsed": 581.523161, "delta": 51.391031}}
{"target": -388.6190179033986, "params": {"T": 2919.2885109526164, "batch_size": 42.026695800984285, "g_scale": 0.022607538251488854, "order": 1.35434533086024}, "datetime": {"datetime": "2023-04-23 09:30:42", "elapsed": 635.549573, "delta": 54.026412}}
{"target": -370.94962302811933, "params": {"T": 2606.4552769826073, "batch_size": 60.68713913229354, "g_scale": 0.026682648242839953, "order": 1.267084928406048}, "datetime": {"datetime": "2023-04-23 09:31:31", "elapsed": 683.943022, "delta": 48.393449}}
{"target": -371.4733165850053, "params": {"T": 2604.357649961492, "batch_size": 55.836845879822775, "g_scale": 0.031155154316982236, "order": 1.5619098340348494}, "datetime": {"datetime": "2023-04-23 09:33:02", "elapsed": 775.432376, "delta": 91.489354}}
{"target": -373.1870152605101, "params": {"T": 2610.405137377784, "batch_size": 55.248573758578615, "g_scale": 0.028470515135846575, "order": 1.0909142182373834}, "datetime": {"datetime": "2023-04-23 09:33:50", "elapsed": 823.124094, "delta": 47.691718}}
{"target": -395.1370794768986, "params": {"T": 2606.6622379428272, "batch_size": 47.13798053872382, "g_scale": 0.020304029827155474, "order": 1.0829302112553445}, "datetime": {"datetime": "2023-04-23 09:34:37", "elapsed": 870.533602, "delta": 47.409508}}
{"target": -379.8191745234995, "params": {"T": 2613.845434722833, "batch_size": 61.02619043535768, "g_scale": 0.023228563984605547, "order": 1.1901471356397497}, "datetime": {"datetime": "2023-04-23 09:35:25", "elapsed": 918.189352, "delta": 47.65575}}
{"target": -371.0868292843782, "params": {"T": 2596.8155077314673, "batch_size": 55.0657004157731, "g_scale": 0.030868021710509223, "order": 1.2353944032046527}, "datetime": {"datetime": "2023-04-23 09:36:12", "elapsed": 965.525803, "delta": 47.336451}}
{"target": -389.98413618341726, "params": {"T": 2589.109739673177, "batch_size": 57.78918695552345, "g_scale": 0.02099382361210421, "order": 1.971730213739594}, "datetime": {"datetime": "2023-04-23 09:37:42", "elapsed": 1055.581669, "delta": 90.055866}}
{"target": -381.28447890758775, "params": {"T": 2592.087273110311, "batch_size": 48.523821135593074, "g_scale": 0.025089661038872713, "order": 1.5236013526572763}, "datetime": {"datetime": "2023-04-23 09:39:13", "elapsed": 1146.328892, "delta": 90.747223}}
{"target": -378.85029052672917, "params": {"T": 2620.6338813060365, "batch_size": 51.29417509139879, "g_scale": 0.026756565484088016, "order": 1.614535681852251}, "datetime": {"datetime": "2023-04-23 09:40:43", "elapsed": 1235.738864, "delta": 89.409972}}
{"target": -390.4167654696384, "params": {"T": 2624.3116911997577, "batch_size": 58.803148189604144, "g_scale": 0.021333958191366607, "order": 1.4966397404344771}, "datetime": {"datetime": "2023-04-23 09:41:30", "elapsed": 1283.085804, "delta": 47.34694}}
{"target": -374.9070039108617, "params": {"T": 2626.161708978007, "batch_size": 43.4918304934286, "g_scale": 0.032, "order": 1.0}, "datetime": {"datetime": "2023-04-23 09:42:18", "elapsed": 1331.076368, "delta": 47.990564}}
{"target": -393.3734763419484, "params": {"T": 2634.347230995566, "batch_size": 45.828497177744154, "g_scale": 0.0216744645051661, "order": 1.7054936893213415}, "datetime": {"datetime": "2023-04-23 09:43:49", "elapsed": 1422.503694, "delta": 91.427326}}
{"target": -385.16230857523806, "params": {"T": 2620.524871789452, "batch_size": 37.08714407756324, "g_scale": 0.025389871270124785, "order": 1.109505269076272}, "datetime": {"datetime": "2023-04-23 09:44:39", "elapsed": 1471.818792, "delta": 49.315098}}
{"target": -392.0333915195886, "params": {"T": 2630.8850936324116, "batch_size": 35.3146409390086, "g_scale": 0.0237891393828453, "order": 1.6394181284349516}, "datetime": {"datetime": "2023-04-23 09:46:08", "elapsed": 1561.673201, "delta": 89.854409}}
{"target": -387.4409045238459, "params": {"T": 2618.470887994169, "batch_size": 44.745139022147825, "g_scale": 0.022114447740064738, "order": 1.8756067603099473}, "datetime": {"datetime": "2023-04-23 09:47:34", "elapsed": 1647.649408, "delta": 85.976207}}
{"target": -378.76600548929474, "params": {"T": 2750.139890275059, "batch_size": 47.670601409362746, "g_scale": 0.030631732494454597, "order": 1.313928300830586}, "datetime": {"datetime": "2023-04-23 09:48:24", "elapsed": 1697.623732, "delta": 49.974324}}
{"target": -377.2859580921336, "params": {"T": 2740.6523705634827, "batch_size": 50.54945827040196, "g_scale": 0.025747101125691906, "order": 1.6754381624488366}, "datetime": {"datetime": "2023-04-23 09:49:57", "elapsed": 1790.510089, "delta": 92.886357}}
{"target": -374.4970052723373, "params": {"T": 2739.975918207452, "batch_size": 42.34810512828786, "g_scale": 0.030969734125489985, "order": 1.0862566202236794}, "datetime": {"datetime": "2023-04-23 09:50:46", "elapsed": 1839.073841, "delta": 48.563752}}
{"target": -386.30398755998965, "params": {"T": 2747.466966409559, "batch_size": 38.82221787286299, "g_scale": 0.02320910290239283, "order": 1.2799648263703856}, "datetime": {"datetime": "2023-04-23 09:51:34", "elapsed": 1887.439425, "delta": 48.365584}}
{"target": -381.51429467465925, "params": {"T": 2732.07771730499, "batch_size": 44.74197467491403, "g_scale": 0.028079569138620003, "order": 1.2561998627162327}, "datetime": {"datetime": "2023-04-23 09:52:22", "elapsed": 1935.346895, "delta": 47.90747}}
{"target": -385.1387319907742, "params": {"T": 2737.086596253768, "batch_size": 34.805548355410124, "g_scale": 0.026828589115004794, "order": 1.6307372155374524}, "datetime": {"datetime": "2023-04-23 09:53:53", "elapsed": 2025.768326, "delta": 90.421431}}
{"target": -376.53626462671355, "params": {"T": 2740.62883350332, "batch_size": 60.63683074749661, "g_scale": 0.023164199998734057, "order": 1.4789965964632188}, "datetime": {"datetime": "2023-04-23 09:54:44", "elapsed": 2077.097637, "delta": 51.329311}}
{"target": -380.56839330726035, "params": {"T": 2732.6550244791974, "batch_size": 55.499392313606116, "g_scale": 0.023377232950063123, "order": 1.9792129541025876}, "datetime": {"datetime": "2023-04-23 09:56:54", "elapsed": 2206.894914, "delta": 129.797277}}
{"target": -373.13753560628584, "params": {"T": 2733.9278754311554, "batch_size": 63.90671055296509, "g_scale": 0.02494290063316026, "order": 1.7781734573252417}, "datetime": {"datetime": "2023-04-23 09:58:25", "elapsed": 2298.43392, "delta": 91.539006}}
{"target": -384.165857650276, "params": {"T": 2725.135264413364, "batch_size": 64.0, "g_scale": 0.02, "order": 1.0}, "datetime": {"datetime": "2023-04-23 09:59:14", "elapsed": 2347.259559, "delta": 48.825639}}
{"target": -369.7947049921224, "params": {"T": 2761.515249067758, "batch_size": 51.45173131830243, "g_scale": 0.030881746342795564, "order": 1.384237420224642}, "datetime": {"datetime": "2023-04-23 10:00:03", "elapsed": 2395.719246, "delta": 48.459687}}
{"target": -387.20593555660605, "params": {"T": 2766.3630930434283, "batch_size": 56.867498691868086, "g_scale": 0.020725563603582346, "order": 1.493977230247026}, "datetime": {"datetime": "2023-04-23 10:00:54", "elapsed": 2447.46113, "delta": 51.741884}}
{"target": -383.55263118502324, "params": {"T": 2760.729207454563, "batch_size": 45.346678092876026, "g_scale": 0.026137568692056155, "order": 1.7245792884768423}, "datetime": {"datetime": "2023-04-23 10:02:31", "elapsed": 2543.930117, "delta": 96.468987}}
{"target": -378.2984346370324, "params": {"T": 2718.0144094898415, "batch_size": 49.8592072419837, "g_scale": 0.023283416601621292, "order": 1.7428522695369217}, "datetime": {"datetime": "2023-04-23 10:04:03", "elapsed": 2635.744514, "delta": 91.814397}}
{"target": -399.86879970979004, "params": {"T": 2719.0093656793993, "batch_size": 40.30385633000357, "g_scale": 0.02, "order": 1.0}, "datetime": {"datetime": "2023-04-23 10:04:51", "elapsed": 2684.231516, "delta": 48.487002}}
{"target": -391.7163172837255, "params": {"T": 2712.4289504857825, "batch_size": 56.549536228790465, "g_scale": 0.021875587413959584, "order": 1.0947691572175444}, "datetime": {"datetime": "2023-04-23 10:05:38", "elapsed": 2731.648756, "delta": 47.41724}}
{"target": -372.0375766405975, "params": {"T": 2756.518602711765, "batch_size": 53.046659103479364, "g_scale": 0.03188362590193777, "order": 1.2505994588496065}, "datetime": {"datetime": "2023-04-23 10:06:29", "elapsed": 2782.283904, "delta": 50.635148}}
{"target": -379.1149920161848, "params": {"T": 2772.8904370184555, "batch_size": 45.95711189091177, "g_scale": 0.032, "order": 1.0}, "datetime": {"datetime": "2023-04-23 10:07:19", "elapsed": 2832.23606, "delta": 49.952156}}
{"target": -388.25574941884963, "params": {"T": 2781.8833284057982, "batch_size": 40.416088642036925, "g_scale": 0.02595457345619801, "order": 1.3983322977525718}, "datetime": {"datetime": "2023-04-23 10:08:10", "elapsed": 2882.687197, "delta": 50.451137}}
{"target": -371.06279320589346, "params": {"T": 2779.560949351538, "batch_size": 54.130177042212324, "g_scale": 0.02996383809578208, "order": 1.3440024119046852}, "datetime": {"datetime": "2023-04-23 10:09:00", "elapsed": 2933.168264, "delta": 50.481067}}
{"target": -369.67289547186914, "params": {"T": 2786.2281444507307, "batch_size": 54.26278802410742, "g_scale": 0.02907801716287048, "order": 1.9434801098669867}, "datetime": {"datetime": "2023-04-23 10:10:33", "elapsed": 3026.383213, "delta": 93.214949}}
{"target": -368.7627510396132, "params": {"T": 2782.7743575069308, "batch_size": 61.07398837846992, "g_scale": 0.02763370040474091, "order": 1.6397152848782914}, "datetime": {"datetime": "2023-04-23 10:12:05", "elapsed": 3118.304916, "delta": 91.921703}}
{"target": -371.5580506039459, "params": {"T": 2790.140658850316, "batch_size": 60.340255334617595, "g_scale": 0.024782396103339877, "order": 1.7596453358837234}, "datetime": {"datetime": "2023-04-23 10:13:42", "elapsed": 3215.652681, "delta": 97.347765}}
{"target": -368.5672608620443, "params": {"T": 2794.3497007126907, "batch_size": 52.4576296403514, "g_scale": 0.029529741870730816, "order": 1.689546130643222}, "datetime": {"datetime": "2023-04-23 10:15:17", "elapsed": 3309.869582, "delta": 94.216901}}
{"target": -371.28999161474144, "params": {"T": 2799.3823867186393, "batch_size": 58.4091370361009, "g_scale": 0.03079727534631917, "order": 1.1526788635001237}, "datetime": {"datetime": "2023-04-23 10:16:06", "elapsed": 3359.394616, "delta": 49.525034}}
{"target": -371.50372654910103, "params": {"T": 2801.3284858603865, "batch_size": 48.09046137723646, "g_scale": 0.02707007034750593, "order": 1.4698927500212116}, "datetime": {"datetime": "2023-04-23 10:16:55", "elapsed": 3408.600709, "delta": 49.206093}}
{"target": -372.86628093170526, "params": {"T": 2810.127323944992, "batch_size": 53.446631981196525, "g_scale": 0.031885682259285744, "order": 1.7240025848686196}, "datetime": {"datetime": "2023-04-23 10:18:30", "elapsed": 3502.816592, "delta": 94.215883}}
{"target": -380.2416253570575, "params": {"T": 2811.3477698104707, "batch_size": 42.71708666232954, "g_scale": 0.024974676117469233, "order": 1.271501389581701}, "datetime": {"datetime": "2023-04-23 10:19:20", "elapsed": 3553.025993, "delta": 50.209401}}
{"target": -369.48543142542405, "params": {"T": 2809.216861381875, "batch_size": 62.81541012322624, "g_scale": 0.028905495438802168, "order": 1.0288100922428378}, "datetime": {"datetime": "2023-04-23 10:20:13", "elapsed": 3606.022813, "delta": 52.99682}}
{"target": -387.14884871359766, "params": {"T": 2816.444210961625, "batch_size": 60.443828198338416, "g_scale": 0.020352339014699856, "order": 1.3506288724943167}, "datetime": {"datetime": "2023-04-23 10:21:04", "elapsed": 3657.32871, "delta": 51.305897}}
{"target": -377.76894420407194, "params": {"T": 2797.4454555389957, "batch_size": 40.43429119658448, "g_scale": 0.029639966673515206, "order": 1.340673074593087}, "datetime": {"datetime": "2023-04-23 10:21:53", "elapsed": 3706.053462, "delta": 48.724752}}
{"target": -395.3361804070786, "params": {"T": 2804.456392687849, "batch_size": 30.13891462789495, "g_scale": 0.024696220334182027, "order": 1.7239738019546564}, "datetime": {"datetime": "2023-04-23 10:23:28", "elapsed": 3801.034358, "delta": 94.980896}}
{"target": -363.8900200644582, "params": {"T": 2804.230310709121, "batch_size": 63.849568937733785, "g_scale": 0.02676414406949123, "order": 1.5339449187942336}, "datetime": {"datetime": "2023-04-23 10:25:06", "elapsed": 3899.482041, "delta": 98.447683}}
{"target": -366.01349670025706, "params": {"T": 2805.1332756768124, "batch_size": 59.19814262228911, "g_scale": 0.027196169889132732, "order": 1.067590407310719}, "datetime": {"datetime": "2023-04-23 10:25:58", "elapsed": 3951.629259, "delta": 52.147218}}
{"target": -398.54805181489246, "params": {"T": 2829.2494684241055, "batch_size": 40.25420312298954, "g_scale": 0.02261883634701432, "order": 1.0833044679472845}, "datetime": {"datetime": "2023-04-23 10:26:49", "elapsed": 4002.33373, "delta": 50.704471}}
{"target": -435.8377796354477, "params": {"T": 2251.1481880281362, "batch_size": 9.197833763759675, "g_scale": 0.0307879906484276, "order": 1.9562078372139762}, "datetime": {"datetime": "2023-04-23 10:28:06", "elapsed": 4079.003637, "delta": 76.669907}}
{"target": -371.63089821288366, "params": {"T": 2110.292439728316, "batch_size": 55.749762138457854, "g_scale": 0.03196344349349191, "order": 1.02995047750326}, "datetime": {"datetime": "2023-04-23 10:28:45", "elapsed": 4118.394193, "delta": 39.390556}}
{"target": -374.7949110559955, "params": {"T": 2102.339979996536, "batch_size": 48.783439195055635, "g_scale": 0.02981957889263174, "order": 1.4742382049810314}, "datetime": {"datetime": "2023-04-23 10:29:23", "elapsed": 4156.387699, "delta": 37.993506}}
{"target": -377.11472580097364, "params": {"T": 2114.09990768715, "batch_size": 45.76560032889098, "g_scale": 0.030772235113558533, "order": 1.0223031427374547}, "datetime": {"datetime": "2023-04-23 10:30:01", "elapsed": 4194.221307, "delta": 37.833608}}
{"target": -372.92642711877846, "params": {"T": 2099.892627641441, "batch_size": 61.24656778058049, "g_scale": 0.02931795488377262, "order": 1.846833171335431}, "datetime": {"datetime": "2023-04-23 10:31:15", "elapsed": 4268.616735, "delta": 74.395428}}
{"target": -379.86190288948234, "params": {"T": 2116.44229217698, "batch_size": 63.95173423935468, "g_scale": 0.025888241171310035, "order": 1.5065230023236211}, "datetime": {"datetime": "2023-04-23 10:32:31", "elapsed": 4344.599758, "delta": 75.983023}}
{"target": -386.1354806505915, "params": {"T": 2090.8277645964636, "batch_size": 52.36489263321833, "g_scale": 0.024040492873917983, "order": 1.981786018320994}, "datetime": {"datetime": "2023-04-23 10:33:44", "elapsed": 4416.742657, "delta": 72.142899}}
{"target": -376.82270913157066, "params": {"T": 2124.9641640530003, "batch_size": 53.50842679268288, "g_scale": 0.029189293274107964, "order": 1.8222092501091263}, "datetime": {"datetime": "2023-04-23 10:34:56", "elapsed": 4489.555393, "delta": 72.812736}}
{"target": -384.7459187184938, "params": {"T": 2128.6967402278715, "batch_size": 41.05675291552661, "g_scale": 0.028419892720156187, "order": 1.7464050042282806}, "datetime": {"datetime": "2023-04-23 10:36:09", "elapsed": 4562.515945, "delta": 72.960552}}
{"target": -401.1702735565252, "params": {"T": 2104.1255331665134, "batch_size": 35.19342242300794, "g_scale": 0.02568278311914378, "order": 1.6588445340568745}, "datetime": {"datetime": "2023-04-23 10:37:23", "elapsed": 4636.329979, "delta": 73.814034}}
{"target": -381.3294026802616, "params": {"T": 2137.1297629712303, "batch_size": 57.57731163362443, "g_scale": 0.025509881212589833, "order": 1.4715319537321434}, "datetime": {"datetime": "2023-04-23 10:38:04", "elapsed": 4677.272886, "delta": 40.942907}}
{"target": -401.7042361612681, "params": {"T": 2154.4593768360983, "batch_size": 51.19909729032978, "g_scale": 0.020548177074325644, "order": 1.1481540266621297}, "datetime": {"datetime": "2023-04-23 10:38:43", "elapsed": 4716.485937, "delta": 39.213051}}
{"target": -424.22948572901686, "params": {"T": 1103.856829597228, "batch_size": 52.815867474463516, "g_scale": 0.023893180517867194, "order": 1.782023475835233}, "datetime": {"datetime": "2023-04-23 10:39:22", "elapsed": 4755.620655, "delta": 39.134718}}
{"target": -448.9307705932383, "params": {"T": 1646.3144995443008, "batch_size": 15.399680552805215, "g_scale": 0.021279784451601984, "order": 1.2567769683245031}, "datetime": {"datetime": "2023-04-23 10:39:52", "elapsed": 4785.440207, "delta": 29.819552}}
{"target": -440.993053352055, "params": {"T": 1969.1933103949275, "batch_size": 8.563919744435072, "g_scale": 0.023132083348725203, "order": 1.470943802350192}, "datetime": {"datetime": "2023-04-23 10:40:28", "elapsed": 4820.931308, "delta": 35.491101}}
{"target": -402.85911019786806, "params": {"T": 1531.0705104874876, "batch_size": 63.7760083186745, "g_scale": 0.0214038129585861, "order": 1.471562968664528}, "datetime": {"datetime": "2023-04-23 10:40:57", "elapsed": 4849.822084, "delta": 28.890776}}
{"target": -443.1014938911526, "params": {"T": 2483.3007375640473, "batch_size": 8.907165293943386, "g_scale": 0.025131390080928673, "order": 1.458931762522234}, "datetime": {"datetime": "2023-04-23 10:41:40", "elapsed": 4893.300264, "delta": 43.47818}}
{"target": -465.41529271977595, "params": {"T": 1001.6582218687018, "batch_size": 11.31278082801138, "g_scale": 0.022473020891704203, "order": 1.2810844661781662}, "datetime": {"datetime": "2023-04-23 10:41:59", "elapsed": 4912.010564, "delta": 18.7103}}
{"target": -397.52666829880934, "params": {"T": 1200.9800072632725, "batch_size": 61.82979170671717, "g_scale": 0.026886673119107828, "order": 1.360748801542317}, "datetime": {"datetime": "2023-04-23 10:42:23", "elapsed": 4936.05885, "delta": 24.048286}}
{"target": -430.43494509091795, "params": {"T": 2999.7949975160313, "batch_size": 11.161531460526504, "g_scale": 0.022957489984592006, "order": 1.1910634601055539}, "datetime": {"datetime": "2023-04-23 10:43:17", "elapsed": 4990.402834, "delta": 54.343984}}
{"target": -372.1389822727226, "params": {"T": 1719.1328823048032, "batch_size": 64.0, "g_scale": 0.032, "order": 1.0}, "datetime": {"datetime": "2023-04-23 10:43:50", "elapsed": 5023.008154, "delta": 32.60532}}
{"target": -403.1125573935403, "params": {"T": 1727.555496869577, "batch_size": 51.629522357263596, "g_scale": 0.021322859155688753, "order": 1.2957520260533233}, "datetime": {"datetime": "2023-04-23 10:44:21", "elapsed": 5054.255113, "delta": 31.246959}}
{"target": -376.40115858033954, "params": {"T": 1703.7999446226809, "batch_size": 61.905960153971364, "g_scale": 0.031635206940251785, "order": 1.462635185534161}, "datetime": {"datetime": "2023-04-23 10:44:53", "elapsed": 5086.53713, "delta": 32.282017}}
