{"target": -444.5470316143968, "params": {"T": 1537.3554982573778, "g_scale_alpha": 3.6526638620540752, "g_scale_beta": 2.6389304913704827}, "datetime": {"datetime": "2023-05-09 14:22:11", "elapsed": 13336.073769, "delta": 169.825385}}
{"target": -434.14055301012286, "params": {"T": 1167.0268889402935, "g_scale_alpha": 1.809074700400227, "g_scale_beta": 2.1912911535684625}, "datetime": {"datetime": "2023-05-09 14:24:33", "elapsed": 13477.745855, "delta": 141.672086}}
{"target": -451.17995233969333, "params": {"T": 1133.1875144262974, "g_scale_alpha": 3.0344666481031535, "g_scale_beta": 1.432875448470527}, "datetime": {"datetime": "2023-05-09 14:26:51", "elapsed": 13615.616865, "delta": 137.87101}}
{"target": -438.1616182996833, "params": {"T": 1717.7265841246474, "g_scale_alpha": 1.5290718900747113, "g_scale_beta": 2.776129027987407}, "datetime": {"datetime": "2023-05-09 14:30:09", "elapsed": 13813.735233, "delta": 198.118368}}
{"target": -435.7681861580871, "params": {"T": 2310.6222296535743, "g_scale_alpha": 1.9972154216706866, "g_scale_beta": 3.57140195393438}, "datetime": {"datetime": "2023-05-09 14:34:28", "elapsed": 14072.634528, "delta": 258.899295}}
{"target": -460.63944340853294, "params": {"T": 2983.9272354025234, "g_scale_alpha": 4.431153226278504, "g_scale_beta": 4.618728547165928}, "datetime": {"datetime": "2023-05-09 14:39:55", "elapsed": 14399.805802, "delta": 327.171274}}
{"target": -451.5967544416041, "params": {"T": 1910.3958844962795, "g_scale_alpha": 3.0342461984134124, "g_scale_beta": 1.9702214329788421}, "datetime": {"datetime": "2023-05-09 14:43:33", "elapsed": 14617.760919, "delta": 217.955117}}
{"target": -451.1499793099307, "params": {"T": 1084.407832239098, "g_scale_alpha": 3.6305617183104295, "g_scale_beta": 4.964680178628637}, "datetime": {"datetime": "2023-05-09 14:45:46", "elapsed": 14750.733522, "delta": 132.972603}}
{"target": -428.1407551762928, "params": {"T": 1117.3694482243222, "g_scale_alpha": 1.0544004384817685, "g_scale_beta": 4.46503984938362}, "datetime": {"datetime": "2023-05-09 14:48:02", "elapsed": 14887.061907, "delta": 136.328385}}
{"target": -443.54554133227094, "params": {"T": 1217.279080428662, "g_scale_alpha": 4.261650612068481, "g_scale_beta": 4.898518374715049}, "datetime": {"datetime": "2023-05-09 14:50:29", "elapsed": 15033.600598, "delta": 146.538691}}
{"target": -421.4208860939812, "params": {"T": 2743.494003655938, "g_scale_alpha": 1.7143806878119623, "g_scale_beta": 2.6751448075810913}, "datetime": {"datetime": "2023-05-09 14:55:32", "elapsed": 15336.330274, "delta": 302.729676}}
{"target": -437.84057067964386, "params": {"T": 1143.8243089881203, "g_scale_alpha": 1.6244289764726902, "g_scale_beta": 3.7099312875937644}, "datetime": {"datetime": "2023-05-09 14:57:51", "elapsed": 15475.55187, "delta": 139.221596}}
{"target": -440.2009171325776, "params": {"T": 2254.882809316474, "g_scale_alpha": 2.1677607839319406, "g_scale_beta": 3.33551192433748}, "datetime": {"datetime": "2023-05-09 15:02:04", "elapsed": 15729.061227, "delta": 253.509357}}
{"target": -441.2627002193143, "params": {"T": 2135.104321296245, "g_scale_alpha": 2.101301496781998, "g_scale_beta": 3.049764480046947}, "datetime": {"datetime": "2023-05-09 15:06:05", "elapsed": 15970.084853, "delta": 241.023626}}
{"target": -444.12185118298424, "params": {"T": 2905.0688626266974, "g_scale_alpha": 1.9943371209676224, "g_scale_beta": 1.2185168241778102}, "datetime": {"datetime": "2023-05-09 15:11:25", "elapsed": 16289.974981, "delta": 319.890128}}
{"target": -435.22852477308646, "params": {"T": 1372.14555501233, "g_scale_alpha": 2.496319404338744, "g_scale_beta": 2.9375387934826116}, "datetime": {"datetime": "2023-05-09 15:14:08", "elapsed": 16453.096879, "delta": 163.121898}}
{"target": -424.49080162354255, "params": {"T": 1034.0210922881886, "g_scale_alpha": 2.1732892202117142, "g_scale_beta": 2.2463989805400053}, "datetime": {"datetime": "2023-05-09 15:16:17", "elapsed": 16581.296769, "delta": 128.19989}}
{"target": -450.4435092276297, "params": {"T": 1172.4962801092465, "g_scale_alpha": 3.188823535937567, "g_scale_beta": 1.5801259994609889}, "datetime": {"datetime": "2023-05-09 15:18:38", "elapsed": 16722.870142, "delta": 141.573373}}
{"target": -443.0448343611443, "params": {"T": 1658.888856118239, "g_scale_alpha": 3.8533781176019133, "g_scale_beta": 3.723727382974854}, "datetime": {"datetime": "2023-05-09 15:21:51", "elapsed": 16915.370594, "delta": 192.500452}}
{"target": -431.10664362949035, "params": {"T": 1033.8120827577695, "g_scale_alpha": 2.235760827061437, "g_scale_beta": 2.313824499472276}, "datetime": {"datetime": "2023-05-09 15:23:59", "elapsed": 17043.680874, "delta": 128.31028}}
{"target": -428.02941888498594, "params": {"T": 1206.4734980686092, "g_scale_alpha": 1.3352216645896369, "g_scale_beta": 4.2054782735137515}, "datetime": {"datetime": "2023-05-09 15:26:25", "elapsed": 17189.639412, "delta": 145.958538}}
{"target": -438.57840070169215, "params": {"T": 1372.6704775635353, "g_scale_alpha": 2.4391188291769237, "g_scale_beta": 3.0250931226684026}, "datetime": {"datetime": "2023-05-09 15:29:08", "elapsed": 17352.286394, "delta": 162.646982}}
{"target": -425.27966982047286, "params": {"T": 1434.6572092473234, "g_scale_alpha": 2.126945291150169, "g_scale_beta": 2.1618662623008897}, "datetime": {"datetime": "2023-05-09 15:31:57", "elapsed": 17521.283174, "delta": 168.99678}}
{"target": -432.82902043759725, "params": {"T": 1205.2716577107726, "g_scale_alpha": 1.8804937116227407, "g_scale_beta": 3.792288560529436}, "datetime": {"datetime": "2023-05-09 15:34:18", "elapsed": 17662.985682, "delta": 141.702508}}
{"target": -460.52292978065907, "params": {"T": 2011.4449292908248, "g_scale_alpha": 4.959795215901536, "g_scale_beta": 2.609791829560576}, "datetime": {"datetime": "2023-05-09 15:37:10", "elapsed": 17834.282288, "delta": 171.296606}}
{"target": -434.5631773094281, "params": {"T": 2743.5727708489803, "g_scale_alpha": 1.7388920518230249, "g_scale_beta": 2.4249783905062636}, "datetime": {"datetime": "2023-05-09 15:40:41", "elapsed": 18045.415497, "delta": 211.133209}}
{"target": -465.56343826488904, "params": {"T": 1916.675699240287, "g_scale_alpha": 4.877126353235676, "g_scale_beta": 3.2761762625983977}, "datetime": {"datetime": "2023-05-09 15:43:11", "elapsed": 18196.162093, "delta": 150.746596}}
{"target": -438.30956291749277, "params": {"T": 1205.3306715839306, "g_scale_alpha": 1.365923760209324, "g_scale_beta": 4.058449807953505}, "datetime": {"datetime": "2023-05-09 15:45:07", "elapsed": 18311.797011, "delta": 115.634918}}
{"target": -453.14843388907616, "params": {"T": 1268.9352306063238, "g_scale_alpha": 4.754550370278794, "g_scale_beta": 1.0378849287740382}, "datetime": {"datetime": "2023-05-09 15:47:08", "elapsed": 18432.252345, "delta": 120.455334}}
{"target": -457.74115144625205, "params": {"T": 1636.0774698881341, "g_scale_alpha": 4.224359375042321, "g_scale_beta": 3.5099870700433575}, "datetime": {"datetime": "2023-05-09 15:49:25", "elapsed": 18569.506801, "delta": 137.254456}}
{"target": -435.2681103469776, "params": {"T": 1353.5475051564508, "g_scale_alpha": 1.8368534649264703, "g_scale_beta": 3.1224017109763165}, "datetime": {"datetime": "2023-05-09 15:51:27", "elapsed": 18691.299989, "delta": 121.793188}}
{"target": -444.12569461579, "params": {"T": 2650.8259300635564, "g_scale_alpha": 1.4795675439910512, "g_scale_beta": 3.2332354253482505}, "datetime": {"datetime": "2023-05-09 15:54:59", "elapsed": 18903.67423, "delta": 212.374241}}
{"target": -434.69844339005016, "params": {"T": 2420.351370768639, "g_scale_alpha": 2.825197747537671, "g_scale_beta": 4.662868269114236}, "datetime": {"datetime": "2023-05-09 15:58:25", "elapsed": 19110.165055, "delta": 206.490825}}
{"target": -430.77024856976146, "params": {"T": 1034.0771252255706, "g_scale_alpha": 2.6172604807793434, "g_scale_beta": 2.460155519178496}, "datetime": {"datetime": "2023-05-09 16:00:04", "elapsed": 19208.461784, "delta": 98.296729}}
{"target": -450.383241038606, "params": {"T": 2191.485754096455, "g_scale_alpha": 4.801657585170288, "g_scale_beta": 3.3764469155135393}, "datetime": {"datetime": "2023-05-09 16:03:04", "elapsed": 19388.286546, "delta": 179.824762}}
{"target": -450.88661854334026, "params": {"T": 2662.1908064742984, "g_scale_alpha": 4.361320237358429, "g_scale_beta": 3.1499558702412522}, "datetime": {"datetime": "2023-05-09 16:06:13", "elapsed": 19577.965647, "delta": 189.679101}}
{"target": -441.1790501418095, "params": {"T": 1033.914827642871, "g_scale_alpha": 1.8530703649963405, "g_scale_beta": 2.2999083260560544}, "datetime": {"datetime": "2023-05-09 16:07:40", "elapsed": 19664.478738, "delta": 86.513091}}
{"target": -444.5422314445217, "params": {"T": 2585.2440975000563, "g_scale_alpha": 1.563612508052525, "g_scale_beta": 4.169046402957562}, "datetime": {"datetime": "2023-05-09 16:10:45", "elapsed": 19849.74956, "delta": 185.270822}}
{"target": -451.09420413487214, "params": {"T": 2348.687026234776, "g_scale_alpha": 3.952800420495001, "g_scale_beta": 2.592614637867896}, "datetime": {"datetime": "2023-05-09 16:13:35", "elapsed": 20019.197078, "delta": 169.447518}}
{"target": -440.1422293153135, "params": {"T": 1780.0214644684252, "g_scale_alpha": 1.141161329879235, "g_scale_beta": 1.6194013053918193}, "datetime": {"datetime": "2023-05-09 16:15:48", "elapsed": 20153.136853, "delta": 133.939775}}
{"target": -438.5399005137805, "params": {"T": 1205.4053768686033, "g_scale_alpha": 2.15431332463822, "g_scale_beta": 3.983232760873222}, "datetime": {"datetime": "2023-05-09 16:17:26", "elapsed": 20250.584872, "delta": 97.448019}}
{"target": -442.7426035751099, "params": {"T": 1781.594647128593, "g_scale_alpha": 1.7388889791128204, "g_scale_beta": 1.3346221895361294}, "datetime": {"datetime": "2023-05-09 16:19:40", "elapsed": 20384.192321, "delta": 133.607449}}
{"target": -432.0131081000459, "params": {"T": 1955.2351903292392, "g_scale_alpha": 1.8437422783834716, "g_scale_beta": 4.262340855924866}, "datetime": {"datetime": "2023-05-09 16:22:04", "elapsed": 20528.946239, "delta": 144.753918}}
{"target": -459.8169228167974, "params": {"T": 2578.5922288903976, "g_scale_alpha": 3.8646427269724652, "g_scale_beta": 4.5409645933606875}, "datetime": {"datetime": "2023-05-09 16:25:09", "elapsed": 20713.610692, "delta": 184.664453}}
{"target": -463.6311443701318, "params": {"T": 1303.405023728513, "g_scale_alpha": 4.775854049951085, "g_scale_beta": 3.137026887148781}, "datetime": {"datetime": "2023-05-09 16:26:53", "elapsed": 20817.546762, "delta": 103.93607}}
{"target": -435.24804391289047, "params": {"T": 1968.2162819484581, "g_scale_alpha": 2.6618418243795845, "g_scale_beta": 4.123122522993933}, "datetime": {"datetime": "2023-05-09 16:29:18", "elapsed": 20963.154475, "delta": 145.607713}}
{"target": -428.4503308463511, "params": {"T": 2743.1239332007844, "g_scale_alpha": 1.572529857995895, "g_scale_beta": 3.026448791863963}, "datetime": {"datetime": "2023-05-09 16:32:33", "elapsed": 21158.13831, "delta": 194.983835}}
{"target": -430.56141159407565, "params": {"T": 1373.580641147865, "g_scale_alpha": 2.0477197815930888, "g_scale_beta": 3.3351547959173864}, "datetime": {"datetime": "2023-05-09 16:34:22", "elapsed": 21266.519359, "delta": 108.381049}}
{"target": -434.23442312625014, "params": {"T": 2743.489095901272, "g_scale_alpha": 1.2919448464405678, "g_scale_beta": 2.9198635996822055}, "datetime": {"datetime": "2023-05-09 16:37:38", "elapsed": 21462.409407, "delta": 195.890048}}
{"target": -451.71768430616635, "params": {"T": 2324.259404671823, "g_scale_alpha": 4.448517814310964, "g_scale_beta": 3.180349118684506}, "datetime": {"datetime": "2023-05-09 16:40:32", "elapsed": 21636.395806, "delta": 173.986399}}
{"target": -436.5346758859714, "params": {"T": 2631.258714461367, "g_scale_alpha": 2.7170407585710246, "g_scale_beta": 4.513876877936143}, "datetime": {"datetime": "2023-05-09 16:43:42", "elapsed": 21826.948758, "delta": 190.552952}}
{"target": -443.70921335408786, "params": {"T": 1373.0460547016817, "g_scale_alpha": 1.9594153262864213, "g_scale_beta": 3.434406373582734}, "datetime": {"datetime": "2023-05-09 16:45:30", "elapsed": 21935.118196, "delta": 108.169438}}
{"target": -457.39001461049435, "params": {"T": 1125.5190483203094, "g_scale_alpha": 4.470465425176684, "g_scale_beta": 2.278499718937176}, "datetime": {"datetime": "2023-05-09 16:47:03", "elapsed": 22027.342839, "delta": 92.224643}}
{"target": -427.4848917751345, "params": {"T": 1812.541566478989, "g_scale_alpha": 3.0936057650974726, "g_scale_beta": 4.806556958846603}, "datetime": {"datetime": "2023-05-09 16:49:18", "elapsed": 22163.074018, "delta": 135.731179}}
{"target": -425.9357673165862, "params": {"T": 2358.040899861184, "g_scale_alpha": 1.9725368635153302, "g_scale_beta": 1.1898076124010353}, "datetime": {"datetime": "2023-05-09 16:52:09", "elapsed": 22333.293896, "delta": 170.219878}}
{"target": -455.01927300143603, "params": {"T": 1589.9065661048721, "g_scale_alpha": 1.0340226659521723, "g_scale_beta": 1.6230205773532225}, "datetime": {"datetime": "2023-05-09 16:54:10", "elapsed": 22454.955315, "delta": 121.661419}}
{"target": -437.167382239385, "params": {"T": 1034.3043043017892, "g_scale_alpha": 2.293495628093233, "g_scale_beta": 2.4091780798828415}, "datetime": {"datetime": "2023-05-09 16:55:37", "elapsed": 22541.459957, "delta": 86.504642}}
{"target": -444.8086717310491, "params": {"T": 1112.5953511864932, "g_scale_alpha": 3.693386138585616, "g_scale_beta": 4.471614407661806}, "datetime": {"datetime": "2023-05-09 16:57:08", "elapsed": 22632.740364, "delta": 91.280407}}
{"target": -435.8322798958463, "params": {"T": 1205.0728652269147, "g_scale_alpha": 2.7575504128231394, "g_scale_beta": 3.773947025531529}, "datetime": {"datetime": "2023-05-09 16:58:45", "elapsed": 22730.156053, "delta": 97.415689}}
{"target": -427.0879363142821, "params": {"T": 2743.7668364244782, "g_scale_alpha": 1.5281425985065211, "g_scale_beta": 2.8059330752642206}, "datetime": {"datetime": "2023-05-09 17:02:00", "elapsed": 22924.71526, "delta": 194.559207}}
{"target": -437.8625931309534, "params": {"T": 1373.425788613324, "g_scale_alpha": 1.9985300321479293, "g_scale_beta": 4.179593073768201}, "datetime": {"datetime": "2023-05-09 17:03:48", "elapsed": 23032.533482, "delta": 107.818222}}
{"target": -429.74428400583525, "params": {"T": 2906.6452376176617, "g_scale_alpha": 2.357072373947593, "g_scale_beta": 1.863419683805641}, "datetime": {"datetime": "2023-05-09 17:07:14", "elapsed": 23239.061294, "delta": 206.527812}}
{"target": -437.03752509431934, "params": {"T": 2358.201962825994, "g_scale_alpha": 2.177188731656009, "g_scale_beta": 1.1222739536667214}, "datetime": {"datetime": "2023-05-09 17:10:10", "elapsed": 23414.40637, "delta": 175.345076}}
{"target": -450.9507883401203, "params": {"T": 2341.1062689498153, "g_scale_alpha": 2.674048427743646, "g_scale_beta": 3.6238623397901653}, "datetime": {"datetime": "2023-05-09 17:12:59", "elapsed": 23583.431886, "delta": 169.025516}}
{"target": -462.1388775990254, "params": {"T": 2246.7109119994275, "g_scale_alpha": 1.2243214122640578, "g_scale_beta": 4.552624495958033}, "datetime": {"datetime": "2023-05-09 17:15:43", "elapsed": 23747.989347, "delta": 164.557461}}
{"target": -444.2854068874313, "params": {"T": 2847.9301506699676, "g_scale_alpha": 1.0879113427638365, "g_scale_beta": 1.5826593147075307}, "datetime": {"datetime": "2023-05-09 17:19:21", "elapsed": 23965.251763, "delta": 217.262416}}
{"target": -431.50312420754415, "params": {"T": 1352.263353670864, "g_scale_alpha": 1.7826108517366386, "g_scale_beta": 1.5532216231114537}, "datetime": {"datetime": "2023-05-09 17:22:12", "elapsed": 24137.02036, "delta": 171.768597}}
{"target": -446.0984438421304, "params": {"T": 2808.4083332162418, "g_scale_alpha": 1.2148191728720428, "g_scale_beta": 1.5355225586577372}, "datetime": {"datetime": "2023-05-09 17:30:11", "elapsed": 24615.361352, "delta": 478.340992}}
{"target": -446.465438038603, "params": {"T": 2433.091902040376, "g_scale_alpha": 3.2604762692874285, "g_scale_beta": 4.4680563366031105}, "datetime": {"datetime": "2023-05-09 17:33:06", "elapsed": 24791.026386, "delta": 175.665034}}
{"target": -446.6132869546947, "params": {"T": 2885.3193737137835, "g_scale_alpha": 3.0942087285658006, "g_scale_beta": 3.7248997665125634}, "datetime": {"datetime": "2023-05-09 17:36:30", "elapsed": 24994.751012, "delta": 203.724626}}
{"target": -433.9672104762067, "params": {"T": 2344.0621782049784, "g_scale_alpha": 1.8085020776313452, "g_scale_beta": 3.995653563672726}, "datetime": {"datetime": "2023-05-09 17:39:20", "elapsed": 25164.80778, "delta": 170.056768}}
{"target": -428.83380149111355, "params": {"T": 2743.5423066357844, "g_scale_alpha": 1.5607847011892129, "g_scale_beta": 2.569143890555915}, "datetime": {"datetime": "2023-05-09 17:42:35", "elapsed": 25359.920872, "delta": 195.113092}}
{"target": -443.2313695660373, "params": {"T": 2133.9607328039665, "g_scale_alpha": 2.2029361766083406, "g_scale_beta": 2.7675673733855866}, "datetime": {"datetime": "2023-05-09 17:45:12", "elapsed": 25516.231858, "delta": 156.310986}}
{"target": -439.83163529128984, "params": {"T": 2743.3194570823066, "g_scale_alpha": 1.7114003264432647, "g_scale_beta": 2.9834653055907387}, "datetime": {"datetime": "2023-05-09 17:48:27", "elapsed": 25711.389066, "delta": 195.157208}}
{"target": -470.08168988966383, "params": {"T": 1485.241505421478, "g_scale_alpha": 4.5441903417432, "g_scale_beta": 2.314613357815573}, "datetime": {"datetime": "2023-05-09 17:50:22", "elapsed": 25826.508681, "delta": 115.119615}}
{"target": -440.127381735654, "params": {"T": 1372.9295607641448, "g_scale_alpha": 2.1705551822176252, "g_scale_beta": 3.081025763090145}, "datetime": {"datetime": "2023-05-09 17:52:10", "elapsed": 25934.615752, "delta": 108.107071}}
{"target": -438.2780564704514, "params": {"T": 2357.6578780916107, "g_scale_alpha": 1.9820362388507844, "g_scale_beta": 1.8702366452321182}, "datetime": {"datetime": "2023-05-09 17:55:00", "elapsed": 26104.986978, "delta": 170.371226}}
{"target": -446.7735168285496, "params": {"T": 1372.8563484948224, "g_scale_alpha": 1.6348524896811547, "g_scale_beta": 4.042900717487781}, "datetime": {"datetime": "2023-05-09 17:56:48", "elapsed": 26212.89172, "delta": 107.904742}}
{"target": -438.86964970121244, "params": {"T": 2343.8669360824306, "g_scale_alpha": 1.5172970273950894, "g_scale_beta": 3.875446139221445}, "datetime": {"datetime": "2023-05-09 17:59:38", "elapsed": 26382.209492, "delta": 169.317772}}
{"target": -438.4249827465626, "params": {"T": 1080.9532242465139, "g_scale_alpha": 3.1309684337622024, "g_scale_beta": 2.7560675737791334}, "datetime": {"datetime": "2023-05-09 18:01:07", "elapsed": 26471.382855, "delta": 89.173363}}
