{"target": -456.5270829411582, "params": {"T": 1834.044009405148, "g_scale_alpha": 3.8812979737686324, "g_scale_beta": 1.0004574992693795}, "datetime": {"datetime": "2023-05-09 10:39:55", "elapsed": 0.0, "delta": 0.0}}
{"target": -446.76213962053737, "params": {"T": 1604.6651452636795, "g_scale_alpha": 1.5870235632684522, "g_scale_beta": 1.3693543790751912}, "datetime": {"datetime": "2023-05-09 10:41:57", "elapsed": 122.16623, "delta": 122.16623}}
{"target": -428.00871895435967, "params": {"T": 1372.5204227553418, "g_scale_alpha": 2.382242908172191, "g_scale_beta": 2.5870698969226797}, "datetime": {"datetime": "2023-05-09 10:43:45", "elapsed": 229.624184, "delta": 107.457954}}
{"target": -439.0472184095361, "params": {"T": 2077.633468006714, "g_scale_alpha": 2.676778057613179, "g_scale_beta": 3.740878001587038}, "datetime": {"datetime": "2023-05-09 10:46:17", "elapsed": 381.821853, "delta": 152.197669}}
{"target": -457.6298159782269, "params": {"T": 1408.9044994630349, "g_scale_alpha": 4.512469745563782, "g_scale_beta": 1.1095503727917047}, "datetime": {"datetime": "2023-05-09 10:48:08", "elapsed": 492.550624, "delta": 110.728771}}
{"target": -432.90232495190867, "params": {"T": 2340.9350203568047, "g_scale_alpha": 2.669219209468508, "g_scale_beta": 3.2347593137830066}, "datetime": {"datetime": "2023-05-09 10:50:58", "elapsed": 662.563146, "delta": 170.012522}}
{"target": -435.8505773380812, "params": {"T": 1280.7738771904676, "g_scale_alpha": 1.7924059563395152, "g_scale_beta": 4.202978274702147}, "datetime": {"datetime": "2023-05-09 10:52:40", "elapsed": 764.25176, "delta": 101.688614}}
{"target": -440.1571406388775, "params": {"T": 2936.523151438795, "g_scale_alpha": 2.2536967126369714, "g_scale_beta": 3.7692904626772563}, "datetime": {"datetime": "2023-05-09 10:56:07", "elapsed": 971.633517, "delta": 207.381757}}
{"target": -468.7065320188945, "params": {"T": 2752.778304592077, "g_scale_alpha": 4.57842665401539, "g_scale_beta": 1.3401768454791116}, "datetime": {"datetime": "2023-05-09 10:59:24", "elapsed": 1168.193059, "delta": 196.559542}}
{"target": -436.82272017958286, "params": {"T": 1078.1095664657648, "g_scale_alpha": 1.6793216782582756, "g_scale_beta": 4.512570013717653}, "datetime": {"datetime": "2023-05-09 11:00:54", "elapsed": 1258.243602, "delta": 90.050543}}
{"target": -435.21594890118666, "params": {"T": 1196.6936676661003, "g_scale_alpha": 2.6844305000202087, "g_scale_beta": 4.831558120602008}, "datetime": {"datetime": "2023-05-09 11:02:30", "elapsed": 1354.585165, "delta": 96.341563}}
{"target": -456.77374638907446, "params": {"T": 2066.3305699460343, "g_scale_alpha": 3.7675084558018934, "g_scale_beta": 2.262062524024252}, "datetime": {"datetime": "2023-05-09 11:05:02", "elapsed": 1506.190607, "delta": 151.605442}}
{"target": -453.10780935909906, "params": {"T": 2373.001855363167, "g_scale_alpha": 4.338502687589491, "g_scale_beta": 1.0731531093767672}, "datetime": {"datetime": "2023-05-09 11:07:53", "elapsed": 1677.765297, "delta": 171.57469}}
{"target": -464.1699662069376, "params": {"T": 2500.288629889935, "g_scale_alpha": 4.955444355625978, "g_scale_beta": 3.9926626175193576}, "datetime": {"datetime": "2023-05-09 11:10:54", "elapsed": 1858.243386, "delta": 180.478089}}
{"target": -458.11636018274896, "params": {"T": 1560.8879841288103, "g_scale_alpha": 4.157117313805954, "g_scale_beta": 1.412904026310568}, "datetime": {"datetime": "2023-05-09 11:12:53", "elapsed": 1978.17673, "delta": 119.933344}}
{"target": -446.3201744519025, "params": {"T": 1895.7870523518104, "g_scale_alpha": 4.634382012372383, "g_scale_beta": 2.174456593494718}, "datetime": {"datetime": "2023-05-09 11:15:14", "elapsed": 2118.834399, "delta": 140.657669}}
{"target": -437.14839198044325, "params": {"T": 1575.5506771726975, "g_scale_alpha": 1.5201142884731107, "g_scale_beta": 1.0774678314811883}, "datetime": {"datetime": "2023-05-09 11:17:14", "elapsed": 2239.092713, "delta": 120.258314}}
{"target": -426.02261933373654, "params": {"T": 2357.671065879782, "g_scale_alpha": 1.8465124640002362, "g_scale_beta": 2.062186637488905}, "datetime": {"datetime": "2023-05-09 11:20:04", "elapsed": 2408.869934, "delta": 169.777221}}
{"target": -446.6054989379835, "params": {"T": 1983.1463185606767, "g_scale_alpha": 1.2134501804683215, "g_scale_beta": 3.2964704219680523}, "datetime": {"datetime": "2023-05-09 11:22:30", "elapsed": 2554.923684, "delta": 146.05375}}
{"target": -445.475315875973, "params": {"T": 1293.4571498116202, "g_scale_alpha": 3.357222147613137, "g_scale_beta": 3.7990334400837247}, "datetime": {"datetime": "2023-05-09 11:24:13", "elapsed": 2657.208261, "delta": 102.284577}}
{"target": -430.17108270070344, "params": {"T": 1204.6688576556517, "g_scale_alpha": 2.6562239512782733, "g_scale_beta": 3.7776006309109804}, "datetime": {"datetime": "2023-05-09 11:25:49", "elapsed": 2754.083168, "delta": 96.874907}}
{"target": -435.69620156336373, "params": {"T": 1828.3585390538053, "g_scale_alpha": 1.1998138357843486, "g_scale_beta": 3.1435856236620463}, "datetime": {"datetime": "2023-05-09 11:28:06", "elapsed": 2890.624845, "delta": 136.541677}}
{"target": -435.6145588352734, "params": {"T": 2327.589290439578, "g_scale_alpha": 3.0595564482332342, "g_scale_beta": 4.778379023963254}, "datetime": {"datetime": "2023-05-09 11:30:54", "elapsed": 3058.997581, "delta": 168.372736}}
{"target": -459.30300126024, "params": {"T": 2173.110081003986, "g_scale_alpha": 4.6136076611515335, "g_scale_beta": 1.54989881658495}, "datetime": {"datetime": "2023-05-09 11:33:33", "elapsed": 3217.427582, "delta": 158.430001}}
{"target": -433.04702747833477, "params": {"T": 1278.5526945015172, "g_scale_alpha": 4.229565154838095, "g_scale_beta": 2.5907073479421343}, "datetime": {"datetime": "2023-05-09 11:35:14", "elapsed": 3318.755392, "delta": 101.32781}}
{"target": -454.5586969392699, "params": {"T": 1330.7083942338654, "g_scale_alpha": 4.710034321584136, "g_scale_beta": 2.3910634389820262}, "datetime": {"datetime": "2023-05-09 11:36:59", "elapsed": 3423.757569, "delta": 105.002177}}
{"target": -450.6830515911185, "params": {"T": 2501.6242062723113, "g_scale_alpha": 3.903991941401806, "g_scale_beta": 4.533224364823239}, "datetime": {"datetime": "2023-05-09 11:40:01", "elapsed": 3605.878722, "delta": 182.121153}}
{"target": -459.72615645297014, "params": {"T": 2247.3444141112177, "g_scale_alpha": 4.003769736109349, "g_scale_beta": 2.39559336791137}, "datetime": {"datetime": "2023-05-09 11:42:45", "elapsed": 3769.817332, "delta": 163.93861}}
{"target": -448.73556759966993, "params": {"T": 1539.8557835300521, "g_scale_alpha": 4.583544872784268, "g_scale_beta": 2.7123647594851796}, "datetime": {"datetime": "2023-05-09 11:44:45", "elapsed": 3889.334977, "delta": 119.517645}}
{"target": -439.50187121213463, "params": {"T": 2929.680094296771, "g_scale_alpha": 3.6537659912737923, "g_scale_beta": 3.486782880836487}, "datetime": {"datetime": "2023-05-09 11:48:14", "elapsed": 4098.995466, "delta": 209.660489}}
{"target": -469.16915562790183, "params": {"T": 1229.4919459067503, "g_scale_alpha": 4.7979570348282845, "g_scale_beta": 2.799648533919762}, "datetime": {"datetime": "2023-05-09 11:49:55", "elapsed": 4199.239098, "delta": 100.243632}}
{"target": -450.49296297976923, "params": {"T": 2156.7792287742636, "g_scale_alpha": 2.6325472110451247, "g_scale_beta": 1.9481079209721108}, "datetime": {"datetime": "2023-05-09 11:52:33", "elapsed": 4357.332197, "delta": 158.093099}}
{"target": -447.9809124694475, "params": {"T": 2806.7590411245073, "g_scale_alpha": 3.2947179466891434, "g_scale_beta": 1.0114813081246359}, "datetime": {"datetime": "2023-05-09 11:55:54", "elapsed": 4558.189258, "delta": 200.857061}}
{"target": -433.29738406196657, "params": {"T": 2234.2898272414477, "g_scale_alpha": 2.3065796070883846, "g_scale_beta": 3.108232409030437}, "datetime": {"datetime": "2023-05-09 11:58:38", "elapsed": 4722.83187, "delta": 164.642612}}
{"target": -442.0685295649976, "params": {"T": 2771.8841986215493, "g_scale_alpha": 2.429079040009999, "g_scale_beta": 4.634140603679197}, "datetime": {"datetime": "2023-05-09 12:01:56", "elapsed": 4920.422138, "delta": 197.590268}}
{"target": -422.5536562551133, "params": {"T": 2246.7202315836057, "g_scale_alpha": 1.0632849713862251, "g_scale_beta": 4.717748934975045}, "datetime": {"datetime": "2023-05-09 12:05:02", "elapsed": 5107.158059, "delta": 186.735921}}
{"target": -454.76505584011204, "params": {"T": 2381.793835033848, "g_scale_alpha": 4.989291401805922, "g_scale_beta": 1.6893620333813142}, "datetime": {"datetime": "2023-05-09 12:08:22", "elapsed": 5306.567504, "delta": 199.409445}}
{"target": -453.3822436288983, "params": {"T": 1274.2714992577555, "g_scale_alpha": 4.730381852148654, "g_scale_beta": 3.7872726459596007}, "datetime": {"datetime": "2023-05-09 12:10:47", "elapsed": 5451.863041, "delta": 145.295537}}
{"target": -449.9522618516946, "params": {"T": 1132.000345444125, "g_scale_alpha": 4.0218522104098655, "g_scale_beta": 4.0155047538449855}, "datetime": {"datetime": "2023-05-09 12:12:37", "elapsed": 5562.053452, "delta": 110.190411}}
{"target": -448.3691041013019, "params": {"T": 2846.0490710929666, "g_scale_alpha": 3.846099034513887, "g_scale_beta": 1.4970838478886588}, "datetime": {"datetime": "2023-05-09 12:16:26", "elapsed": 5790.824573, "delta": 228.771121}}
{"target": -444.76339369954985, "params": {"T": 1039.7602676795912, "g_scale_alpha": 1.1048439475108771, "g_scale_beta": 1.1132259520831784}, "datetime": {"datetime": "2023-05-09 12:18:07", "elapsed": 5891.836619, "delta": 101.012046}}
{"target": -453.6399712153832, "params": {"T": 1492.4221352060918, "g_scale_alpha": 4.440111794731552, "g_scale_beta": 3.1553242573666114}, "datetime": {"datetime": "2023-05-09 12:20:05", "elapsed": 6009.242503, "delta": 117.405884}}
{"target": -452.06632193136534, "params": {"T": 2105.6439573715315, "g_scale_alpha": 4.368123569438422, "g_scale_beta": 1.4966932604796446}, "datetime": {"datetime": "2023-05-09 12:23:15", "elapsed": 6199.203149, "delta": 189.960646}}
{"target": -438.74300485658273, "params": {"T": 1558.367358022279, "g_scale_alpha": 3.3430370858331515, "g_scale_beta": 4.878382993278699}, "datetime": {"datetime": "2023-05-09 12:25:29", "elapsed": 6334.002992, "delta": 134.799843}}
{"target": -439.5371095465857, "params": {"T": 2122.06043851142, "g_scale_alpha": 1.074589157491772, "g_scale_beta": 4.202530690722465}, "datetime": {"datetime": "2023-05-09 12:29:01", "elapsed": 6545.581845, "delta": 211.578853}}
{"target": -451.2737542942166, "params": {"T": 1465.948547682041, "g_scale_alpha": 4.2284207824751165, "g_scale_beta": 2.551442576256687}, "datetime": {"datetime": "2023-05-09 12:31:13", "elapsed": 6677.758772, "delta": 132.176927}}
{"target": -452.5591240607682, "params": {"T": 2727.0837091188573, "g_scale_alpha": 3.9884865709487385, "g_scale_beta": 3.2249609359616755}, "datetime": {"datetime": "2023-05-09 12:34:29", "elapsed": 6874.158705, "delta": 196.399933}}
{"target": -438.542150587567, "params": {"T": 1272.9104513213701, "g_scale_alpha": 1.2396707580488466, "g_scale_beta": 1.4853738229629494}, "datetime": {"datetime": "2023-05-09 12:36:12", "elapsed": 6976.5914, "delta": 102.432695}}
{"target": -450.32824305093465, "params": {"T": 1089.1037570895235, "g_scale_alpha": 1.4299765164243716, "g_scale_beta": 1.9028373544314188}, "datetime": {"datetime": "2023-05-09 12:37:43", "elapsed": 7067.58438, "delta": 90.99298}}
{"target": -447.3241489363013, "params": {"T": 2425.9779607653536, "g_scale_alpha": 3.2388679282165698, "g_scale_beta": 1.0502239206364634}, "datetime": {"datetime": "2023-05-09 12:40:40", "elapsed": 7244.270661, "delta": 176.686281}}
{"target": -448.31670042221907, "params": {"T": 2245.8903187655296, "g_scale_alpha": 1.4479252163164085, "g_scale_beta": 4.858574075201371}, "datetime": {"datetime": "2023-05-09 12:43:25", "elapsed": 7409.238958, "delta": 164.968297}}
{"target": -436.4615593134872, "params": {"T": 1575.5762205378974, "g_scale_alpha": 1.4170045457275826, "g_scale_beta": 1.2900774583003414}, "datetime": {"datetime": "2023-05-09 12:45:27", "elapsed": 7531.396178, "delta": 122.15722}}
{"target": -432.22032605214804, "params": {"T": 2357.685901906695, "g_scale_alpha": 1.5647702346680155, "g_scale_beta": 2.3182110209548736}, "datetime": {"datetime": "2023-05-09 12:48:18", "elapsed": 7703.072221, "delta": 171.676043}}
{"target": -431.9113311171825, "params": {"T": 2247.231596125783, "g_scale_alpha": 1.0, "g_scale_beta": 4.633402030392547}, "datetime": {"datetime": "2023-05-09 12:51:02", "elapsed": 7866.911646, "delta": 163.839425}}
{"target": -446.70695080270184, "params": {"T": 2246.713447565354, "g_scale_alpha": 1.5358539603364512, "g_scale_beta": 4.192135389644735}, "datetime": {"datetime": "2023-05-09 12:53:46", "elapsed": 8030.597675, "delta": 163.686029}}
{"target": -426.7537570084746, "params": {"T": 2357.8028869424315, "g_scale_alpha": 2.055879572322013, "g_scale_beta": 1.3264299872207355}, "datetime": {"datetime": "2023-05-09 12:56:37", "elapsed": 8201.705577, "delta": 171.107902}}
{"target": -427.85010316076506, "params": {"T": 1205.2684215110712, "g_scale_alpha": 2.5820337722419024, "g_scale_beta": 4.289663776225044}, "datetime": {"datetime": "2023-05-09 12:58:15", "elapsed": 8299.301657, "delta": 97.59608}}
{"target": -430.4430637848235, "params": {"T": 1205.1803655296953, "g_scale_alpha": 2.9328391226897033, "g_scale_beta": 3.527999128060598}, "datetime": {"datetime": "2023-05-09 12:59:52", "elapsed": 8396.85947, "delta": 97.557813}}
{"target": -449.3926634176049, "params": {"T": 2356.970887264436, "g_scale_alpha": 2.7076224074353985, "g_scale_beta": 1.749094234271944}, "datetime": {"datetime": "2023-05-09 13:02:43", "elapsed": 8567.641355, "delta": 170.781885}}
{"target": -430.50524851934995, "params": {"T": 1372.1545497191064, "g_scale_alpha": 2.691604264152476, "g_scale_beta": 3.2004913490131726}, "datetime": {"datetime": "2023-05-09 13:04:31", "elapsed": 8676.167097, "delta": 108.525742}}
{"target": -436.26264536733413, "params": {"T": 2358.71974774086, "g_scale_alpha": 1.26914749350206, "g_scale_beta": 1.6763596923968196}, "datetime": {"datetime": "2023-05-09 13:07:23", "elapsed": 8847.399104, "delta": 171.232007}}
{"target": -432.14379974918455, "params": {"T": 1372.0434352682441, "g_scale_alpha": 1.8221034783246828, "g_scale_beta": 3.012756052077603}, "datetime": {"datetime": "2023-05-09 13:09:11", "elapsed": 8955.581358, "delta": 108.182254}}
{"target": -423.61608144817455, "params": {"T": 1205.4079149429037, "g_scale_alpha": 1.816798997260583, "g_scale_beta": 4.004174514997163}, "datetime": {"datetime": "2023-05-09 13:10:48", "elapsed": 9053.018173, "delta": 97.436815}}
{"target": -426.0645317167679, "params": {"T": 1206.3431558263328, "g_scale_alpha": 1.7168362579697019, "g_scale_beta": 3.929163755590273}, "datetime": {"datetime": "2023-05-09 13:12:26", "elapsed": 9150.821458, "delta": 97.803285}}
{"target": -443.9129589900088, "params": {"T": 1205.6513513210464, "g_scale_alpha": 1.8131426413665048, "g_scale_beta": 2.7841152210498405}, "datetime": {"datetime": "2023-05-09 13:14:03", "elapsed": 9248.059041, "delta": 97.237583}}
{"target": -437.1044961420947, "params": {"T": 1205.2604719366273, "g_scale_alpha": 1.1508222619521775, "g_scale_beta": 4.76304055620474}, "datetime": {"datetime": "2023-05-09 13:15:41", "elapsed": 9345.68106, "delta": 97.622019}}
{"target": -440.1254899087035, "params": {"T": 1206.6033552819404, "g_scale_alpha": 2.7645363599821304, "g_scale_beta": 3.8749438263301146}, "datetime": {"datetime": "2023-05-09 13:17:19", "elapsed": 9443.540172, "delta": 97.859112}}
{"target": -440.33126809084445, "params": {"T": 2358.7159007092373, "g_scale_alpha": 2.3011572464721715, "g_scale_beta": 1.6045264457972541}, "datetime": {"datetime": "2023-05-09 13:20:10", "elapsed": 9615.037026, "delta": 171.496854}}
{"target": -434.45563886193366, "params": {"T": 1373.0104850991595, "g_scale_alpha": 2.174154683135744, "g_scale_beta": 1.9229928670985394}, "datetime": {"datetime": "2023-05-09 13:21:59", "elapsed": 9723.410423, "delta": 108.373397}}
{"target": -419.4760933074515, "params": {"T": 1373.0534065310962, "g_scale_alpha": 2.2601284607095944, "g_scale_beta": 3.3608607028507045}, "datetime": {"datetime": "2023-05-09 13:23:47", "elapsed": 9831.586676, "delta": 108.176253}}
{"target": -438.3911974239718, "params": {"T": 1373.5109833759175, "g_scale_alpha": 3.1909407646754127, "g_scale_beta": 3.1729122989550747}, "datetime": {"datetime": "2023-05-09 13:25:35", "elapsed": 9939.735143, "delta": 108.148467}}
{"target": -430.31818027600525, "params": {"T": 1373.0084301127076, "g_scale_alpha": 1.8536138225968912, "g_scale_beta": 3.9423286726306763}, "datetime": {"datetime": "2023-05-09 13:27:23", "elapsed": 10047.683675, "delta": 107.948532}}
{"target": -424.74735291779325, "params": {"T": 1373.383672104088, "g_scale_alpha": 1.6942089665256646, "g_scale_beta": 3.083499281444362}, "datetime": {"datetime": "2023-05-09 13:29:12", "elapsed": 10156.321512, "delta": 108.637837}}
{"target": -433.7895794818405, "params": {"T": 1373.085134683914, "g_scale_alpha": 1.7613899711429406, "g_scale_beta": 2.5848919515430087}, "datetime": {"datetime": "2023-05-09 13:31:00", "elapsed": 10264.830758, "delta": 108.509246}}
{"target": -432.4429383847048, "params": {"T": 1207.0822938973097, "g_scale_alpha": 1.9742479302210203, "g_scale_beta": 4.600470531996084}, "datetime": {"datetime": "2023-05-09 13:32:38", "elapsed": 10362.347768, "delta": 97.51701}}
{"target": -442.95146215291186, "params": {"T": 1374.1272392263427, "g_scale_alpha": 1.75735491223308, "g_scale_beta": 3.0783944234218628}, "datetime": {"datetime": "2023-05-09 13:34:26", "elapsed": 10470.696815, "delta": 108.349047}}
{"target": -444.9808972728112, "params": {"T": 1206.7871085605013, "g_scale_alpha": 1.1856504959382828, "g_scale_beta": 4.686489294366692}, "datetime": {"datetime": "2023-05-09 13:36:04", "elapsed": 10568.743365, "delta": 98.04655}}
{"target": -445.6530976472528, "params": {"T": 2357.822553862249, "g_scale_alpha": 1.2756738550828235, "g_scale_beta": 1.6024832582362958}, "datetime": {"datetime": "2023-05-09 13:38:55", "elapsed": 10740.042681, "delta": 171.299316}}
{"target": -442.1835041141043, "params": {"T": 1373.2084223572501, "g_scale_alpha": 2.3913163218574773, "g_scale_beta": 2.921332264123029}, "datetime": {"datetime": "2023-05-09 13:40:43", "elapsed": 10848.174705, "delta": 108.132024}}
{"target": -451.6234993751715, "params": {"T": 2340.7902042316027, "g_scale_alpha": 2.7355497110430402, "g_scale_beta": 3.1360081508026405}, "datetime": {"datetime": "2023-05-09 13:43:33", "elapsed": 11018.012037, "delta": 169.837332}}
{"target": -453.52492022379585, "params": {"T": 1436.5299804530773, "g_scale_alpha": 3.9654978851190603, "g_scale_beta": 3.1415117381825306}, "datetime": {"datetime": "2023-05-09 13:45:26", "elapsed": 11130.524695, "delta": 112.512658}}
{"target": -444.8514302491808, "params": {"T": 1206.40253602167, "g_scale_alpha": 1.2285954716205083, "g_scale_beta": 2.478584312844127}, "datetime": {"datetime": "2023-05-09 13:47:04", "elapsed": 11228.493698, "delta": 97.969003}}
{"target": -432.50021490915793, "params": {"T": 2247.0454700912073, "g_scale_alpha": 1.4388088533313828, "g_scale_beta": 4.722919805149345}, "datetime": {"datetime": "2023-05-09 13:49:48", "elapsed": 11392.655294, "delta": 164.161596}}
{"target": -428.5072578833517, "params": {"T": 1084.3438932777722, "g_scale_alpha": 1.46735282764578, "g_scale_beta": 3.0070557413504324}, "datetime": {"datetime": "2023-05-09 13:51:18", "elapsed": 11482.791878, "delta": 90.136584}}
{"target": -438.08692491521333, "params": {"T": 2040.9430857719872, "g_scale_alpha": 4.306520570423393, "g_scale_beta": 4.157519679651866}, "datetime": {"datetime": "2023-05-09 13:53:49", "elapsed": 11633.909046, "delta": 151.117168}}
{"target": -440.70918669967443, "params": {"T": 1206.0388020469677, "g_scale_alpha": 1.7922235062236473, "g_scale_beta": 3.873124702919342}, "datetime": {"datetime": "2023-05-09 13:55:27", "elapsed": 11731.688843, "delta": 97.779797}}
{"target": -460.04766674450696, "params": {"T": 2525.6955773641694, "g_scale_alpha": 2.8729621804185843, "g_scale_beta": 1.7840015100153885}, "datetime": {"datetime": "2023-05-09 13:58:29", "elapsed": 11913.713869, "delta": 182.025026}}
{"target": -454.1475655696712, "params": {"T": 2667.7634747976795, "g_scale_alpha": 1.4961092344470313, "g_scale_beta": 1.1447930573814653}, "datetime": {"datetime": "2023-05-09 14:01:40", "elapsed": 12104.79408, "delta": 191.080211}}
{"target": -457.4821915873226, "params": {"T": 1989.4753455583295, "g_scale_alpha": 4.41300694705089, "g_scale_beta": 1.1563601974106592}, "datetime": {"datetime": "2023-05-09 14:04:08", "elapsed": 12253.023399, "delta": 148.229319}}
{"target": -435.0292839642159, "params": {"T": 1373.0010193432963, "g_scale_alpha": 1.6543582281462288, "g_scale_beta": 3.5937025449810545}, "datetime": {"datetime": "2023-05-09 14:05:57", "elapsed": 12361.266992, "delta": 108.243593}}
{"target": -438.6621379374418, "params": {"T": 2509.405674539097, "g_scale_alpha": 1.9455061169455807, "g_scale_beta": 4.500762023123995}, "datetime": {"datetime": "2023-05-09 14:08:56", "elapsed": 12540.85717, "delta": 179.590178}}
{"target": -444.3962125989892, "params": {"T": 1031.0560757031901, "g_scale_alpha": 4.102458176378903, "g_scale_beta": 4.684551655996187}, "datetime": {"datetime": "2023-05-09 14:10:24", "elapsed": 12628.950713, "delta": 88.093543}}
{"target": -449.7529159951022, "params": {"T": 2621.7394408594423, "g_scale_alpha": 3.988984263548902, "g_scale_beta": 4.558115989385232}, "datetime": {"datetime": "2023-05-09 14:15:11", "elapsed": 12915.930883, "delta": 286.98017}}
{"target": -454.89247099464956, "params": {"T": 2192.7978157260122, "g_scale_alpha": 2.863560552387432, "g_scale_beta": 4.954678296310535}, "datetime": {"datetime": "2023-05-09 14:19:22", "elapsed": 13166.248384, "delta": 250.317501}}
